2024-05-24 12:08:37.179 +05:30 [DBG] Initializing Razor view compiler with compiled view: '/Areas/MicrosoftIdentity/Pages/Account/AccessDenied.cshtml'.
2024-05-24 12:08:37.258 +05:30 [DBG] Initializing Razor view compiler with compiled view: '/Areas/MicrosoftIdentity/Pages/Account/Error.cshtml'.
2024-05-24 12:08:37.261 +05:30 [DBG] Initializing Razor view compiler with compiled view: '/Areas/MicrosoftIdentity/Pages/Account/SignedOut.cshtml'.
2024-05-24 12:08:37.262 +05:30 [DBG] Initializing Razor view compiler with compiled view: '/Areas/MicrosoftIdentity/Pages/_ViewStart.cshtml'.
2024-05-24 12:08:37.280 +05:30 [DBG] Registered model binder providers, in the following order: ["Microsoft.AspNetCore.Mvc.ModelBinding.Binders.BinderTypeModelBinderProvider","Microsoft.AspNetCore.Mvc.ModelBinding.Binders.ServicesModelBinderProvider","Microsoft.AspNetCore.Mvc.ModelBinding.Binders.BodyModelBinderProvider","Microsoft.AspNetCore.Mvc.ModelBinding.Binders.HeaderModelBinderProvider","Microsoft.AspNetCore.Mvc.ModelBinding.Binders.FloatingPointTypeModelBinderProvider","Microsoft.AspNetCore.Mvc.ModelBinding.Binders.EnumTypeModelBinderProvider","Microsoft.AspNetCore.Mvc.ModelBinding.Binders.DateTimeModelBinderProvider","Microsoft.AspNetCore.Mvc.ModelBinding.Binders.SimpleTypeModelBinderProvider","Microsoft.AspNetCore.Mvc.ModelBinding.Binders.TryParseModelBinderProvider","Microsoft.AspNetCore.Mvc.ModelBinding.Binders.CancellationTokenModelBinderProvider","Microsoft.AspNetCore.Mvc.ModelBinding.Binders.ByteArrayModelBinderProvider","Microsoft.AspNetCore.Mvc.ModelBinding.Binders.FormFileModelBinderProvider","Microsoft.AspNetCore.Mvc.ModelBinding.Binders.FormCollectionModelBinderProvider","Microsoft.AspNetCore.Mvc.ModelBinding.Binders.KeyValuePairModelBinderProvider","Microsoft.AspNetCore.Mvc.ModelBinding.Binders.DictionaryModelBinderProvider","Microsoft.AspNetCore.Mvc.ModelBinding.Binders.ArrayModelBinderProvider","Microsoft.AspNetCore.Mvc.ModelBinding.Binders.CollectionModelBinderProvider","Microsoft.AspNetCore.Mvc.ModelBinding.Binders.ComplexObjectModelBinderProvider"]
2024-05-24 12:08:37.397 +05:30 [INF] User profile is available. Using 'C:\Users\anish.m\AppData\Local\ASP.NET\DataProtection-Keys' as key repository and Windows DPAPI to encrypt keys at rest.
2024-05-24 12:08:37.647 +05:30 [DBG] Hosting starting
2024-05-24 12:08:37.661 +05:30 [DBG] Reading data from file 'C:\Users\anish.m\AppData\Local\ASP.NET\DataProtection-Keys\key-a1d877de-6025-4a19-8dac-4a7655117c08.xml'.
2024-05-24 12:08:37.691 +05:30 [DBG] Found key {a1d877de-6025-4a19-8dac-4a7655117c08}.
2024-05-24 12:08:37.708 +05:30 [DBG] Considering key {a1d877de-6025-4a19-8dac-4a7655117c08} with expiration date 2024-08-05 11:08:49Z as default key.
2024-05-24 12:08:37.713 +05:30 [DBG] Forwarded activator type request from Microsoft.AspNetCore.DataProtection.XmlEncryption.DpapiXmlDecryptor, Microsoft.AspNetCore.DataProtection, Version=8.0.0.0, Culture=neutral, PublicKeyToken=adb9793829ddae60 to Microsoft.AspNetCore.DataProtection.XmlEncryption.DpapiXmlDecryptor, Microsoft.AspNetCore.DataProtection, Culture=neutral, PublicKeyToken=adb9793829ddae60
2024-05-24 12:08:37.718 +05:30 [DBG] Decrypting secret element using Windows DPAPI.
2024-05-24 12:08:37.721 +05:30 [DBG] Forwarded activator type request from Microsoft.AspNetCore.DataProtection.AuthenticatedEncryption.ConfigurationModel.AuthenticatedEncryptorDescriptorDeserializer, Microsoft.AspNetCore.DataProtection, Version=8.0.0.0, Culture=neutral, PublicKeyToken=adb9793829ddae60 to Microsoft.AspNetCore.DataProtection.AuthenticatedEncryption.ConfigurationModel.AuthenticatedEncryptorDescriptorDeserializer, Microsoft.AspNetCore.DataProtection, Culture=neutral, PublicKeyToken=adb9793829ddae60
2024-05-24 12:08:37.728 +05:30 [DBG] Opening CNG algorithm 'AES' from provider 'null' with chaining mode CBC.
2024-05-24 12:08:37.732 +05:30 [DBG] Opening CNG algorithm 'SHA256' from provider 'null' with HMAC.
2024-05-24 12:08:37.736 +05:30 [DBG] Using key {a1d877de-6025-4a19-8dac-4a7655117c08} as the default key.
2024-05-24 12:08:37.739 +05:30 [DBG] Key ring with default key {a1d877de-6025-4a19-8dac-4a7655117c08} was loaded during application startup.
2024-05-24 12:08:37.886 +05:30 [FTL] Application startup exception
System.InvalidOperationException: Scheme already exists: Bearer
   at Microsoft.AspNetCore.Authentication.AuthenticationOptions.AddScheme(String name, Action`1 configureBuilder)
   at Microsoft.Extensions.Options.OptionsFactory`1.Create(String name)
   at Microsoft.Extensions.Options.UnnamedOptionsManager`1.get_Value()
   at Microsoft.AspNetCore.Authentication.AuthenticationSchemeProvider..ctor(IOptions`1 options, IDictionary`2 schemes)
   at System.RuntimeMethodHandle.InvokeMethod(Object target, Void** arguments, Signature sig, Boolean isConstructor)
   at System.Reflection.MethodBaseInvoker.InvokeDirectByRefWithFewArgs(Object obj, Span`1 copyOfArgs, BindingFlags invokeAttr)
   at System.Reflection.MethodBaseInvoker.InvokeWithOneArg(Object obj, BindingFlags invokeAttr, Binder binder, Object[] parameters, CultureInfo culture)
   at System.Reflection.RuntimeConstructorInfo.Invoke(BindingFlags invokeAttr, Binder binder, Object[] parameters, CultureInfo culture)
   at Microsoft.Extensions.DependencyInjection.ServiceLookup.CallSiteRuntimeResolver.VisitConstructor(ConstructorCallSite constructorCallSite, RuntimeResolverContext context)
   at Microsoft.Extensions.DependencyInjection.ServiceLookup.CallSiteVisitor`2.VisitCallSiteMain(ServiceCallSite callSite, TArgument argument)
   at Microsoft.Extensions.DependencyInjection.ServiceLookup.CallSiteRuntimeResolver.VisitRootCache(ServiceCallSite callSite, RuntimeResolverContext context)
   at Microsoft.Extensions.DependencyInjection.ServiceLookup.CallSiteVisitor`2.VisitCallSite(ServiceCallSite callSite, TArgument argument)
   at Microsoft.Extensions.DependencyInjection.ServiceLookup.CallSiteRuntimeResolver.Resolve(ServiceCallSite callSite, ServiceProviderEngineScope scope)
   at Microsoft.Extensions.DependencyInjection.ServiceProvider.CreateServiceAccessor(ServiceIdentifier serviceIdentifier)
   at System.Collections.Concurrent.ConcurrentDictionary`2.GetOrAdd(TKey key, Func`2 valueFactory)
   at Microsoft.Extensions.DependencyInjection.ServiceProvider.GetService(ServiceIdentifier serviceIdentifier, ServiceProviderEngineScope serviceProviderEngineScope)
   at Microsoft.Extensions.DependencyInjection.ServiceProvider.GetService(Type serviceType)
   at Microsoft.Extensions.Internal.ActivatorUtilities.ConstructorMatcher.CreateInstance(IServiceProvider provider)
   at Microsoft.Extensions.Internal.ActivatorUtilities.CreateInstance(IServiceProvider provider, Type instanceType, Object[] parameters)
   at Microsoft.AspNetCore.Builder.UseMiddlewareExtensions.ReflectionMiddlewareBinder.CreateMiddleware(RequestDelegate next)
   at Microsoft.AspNetCore.Builder.ApplicationBuilder.Build()
   at Microsoft.AspNetCore.Builder.ApplicationBuilder.Build()
   at Microsoft.AspNetCore.Hosting.GenericWebHostService.StartAsync(CancellationToken cancellationToken)
2024-05-24 12:08:37.958 +05:30 [ERR] Hosting failed to start
System.InvalidOperationException: Scheme already exists: Bearer
   at Microsoft.AspNetCore.Authentication.AuthenticationOptions.AddScheme(String name, Action`1 configureBuilder)
   at Microsoft.Extensions.Options.OptionsFactory`1.Create(String name)
   at Microsoft.Extensions.Options.UnnamedOptionsManager`1.get_Value()
   at Microsoft.AspNetCore.Authentication.AuthenticationSchemeProvider..ctor(IOptions`1 options, IDictionary`2 schemes)
   at System.RuntimeMethodHandle.InvokeMethod(Object target, Void** arguments, Signature sig, Boolean isConstructor)
   at System.Reflection.MethodBaseInvoker.InvokeDirectByRefWithFewArgs(Object obj, Span`1 copyOfArgs, BindingFlags invokeAttr)
   at System.Reflection.MethodBaseInvoker.InvokeWithOneArg(Object obj, BindingFlags invokeAttr, Binder binder, Object[] parameters, CultureInfo culture)
   at System.Reflection.RuntimeConstructorInfo.Invoke(BindingFlags invokeAttr, Binder binder, Object[] parameters, CultureInfo culture)
   at Microsoft.Extensions.DependencyInjection.ServiceLookup.CallSiteRuntimeResolver.VisitConstructor(ConstructorCallSite constructorCallSite, RuntimeResolverContext context)
   at Microsoft.Extensions.DependencyInjection.ServiceLookup.CallSiteVisitor`2.VisitCallSiteMain(ServiceCallSite callSite, TArgument argument)
   at Microsoft.Extensions.DependencyInjection.ServiceLookup.CallSiteRuntimeResolver.VisitRootCache(ServiceCallSite callSite, RuntimeResolverContext context)
   at Microsoft.Extensions.DependencyInjection.ServiceLookup.CallSiteVisitor`2.VisitCallSite(ServiceCallSite callSite, TArgument argument)
   at Microsoft.Extensions.DependencyInjection.ServiceLookup.CallSiteRuntimeResolver.Resolve(ServiceCallSite callSite, ServiceProviderEngineScope scope)
   at Microsoft.Extensions.DependencyInjection.ServiceProvider.CreateServiceAccessor(ServiceIdentifier serviceIdentifier)
   at System.Collections.Concurrent.ConcurrentDictionary`2.GetOrAdd(TKey key, Func`2 valueFactory)
   at Microsoft.Extensions.DependencyInjection.ServiceProvider.GetService(ServiceIdentifier serviceIdentifier, ServiceProviderEngineScope serviceProviderEngineScope)
   at Microsoft.Extensions.DependencyInjection.ServiceProvider.GetService(Type serviceType)
   at Microsoft.Extensions.Internal.ActivatorUtilities.ConstructorMatcher.CreateInstance(IServiceProvider provider)
   at Microsoft.Extensions.Internal.ActivatorUtilities.CreateInstance(IServiceProvider provider, Type instanceType, Object[] parameters)
   at Microsoft.AspNetCore.Builder.UseMiddlewareExtensions.ReflectionMiddlewareBinder.CreateMiddleware(RequestDelegate next)
   at Microsoft.AspNetCore.Builder.ApplicationBuilder.Build()
   at Microsoft.AspNetCore.Builder.ApplicationBuilder.Build()
   at Microsoft.AspNetCore.Hosting.GenericWebHostService.StartAsync(CancellationToken cancellationToken)
   at Microsoft.Extensions.Hosting.Internal.Host.<StartAsync>b__15_1(IHostedService service, CancellationToken token)
   at Microsoft.Extensions.Hosting.Internal.Host.ForeachService[T](IEnumerable`1 services, CancellationToken token, Boolean concurrent, Boolean abortOnFirstException, List`1 exceptions, Func`3 operation)
2024-05-24 12:09:04.527 +05:30 [DBG] Initializing Razor view compiler with compiled view: '/Areas/MicrosoftIdentity/Pages/Account/AccessDenied.cshtml'.
2024-05-24 12:09:04.590 +05:30 [DBG] Initializing Razor view compiler with compiled view: '/Areas/MicrosoftIdentity/Pages/Account/Error.cshtml'.
2024-05-24 12:09:04.591 +05:30 [DBG] Initializing Razor view compiler with compiled view: '/Areas/MicrosoftIdentity/Pages/Account/SignedOut.cshtml'.
2024-05-24 12:09:04.592 +05:30 [DBG] Initializing Razor view compiler with compiled view: '/Areas/MicrosoftIdentity/Pages/_ViewStart.cshtml'.
2024-05-24 12:09:04.601 +05:30 [DBG] Registered model binder providers, in the following order: ["Microsoft.AspNetCore.Mvc.ModelBinding.Binders.BinderTypeModelBinderProvider","Microsoft.AspNetCore.Mvc.ModelBinding.Binders.ServicesModelBinderProvider","Microsoft.AspNetCore.Mvc.ModelBinding.Binders.BodyModelBinderProvider","Microsoft.AspNetCore.Mvc.ModelBinding.Binders.HeaderModelBinderProvider","Microsoft.AspNetCore.Mvc.ModelBinding.Binders.FloatingPointTypeModelBinderProvider","Microsoft.AspNetCore.Mvc.ModelBinding.Binders.EnumTypeModelBinderProvider","Microsoft.AspNetCore.Mvc.ModelBinding.Binders.DateTimeModelBinderProvider","Microsoft.AspNetCore.Mvc.ModelBinding.Binders.SimpleTypeModelBinderProvider","Microsoft.AspNetCore.Mvc.ModelBinding.Binders.TryParseModelBinderProvider","Microsoft.AspNetCore.Mvc.ModelBinding.Binders.CancellationTokenModelBinderProvider","Microsoft.AspNetCore.Mvc.ModelBinding.Binders.ByteArrayModelBinderProvider","Microsoft.AspNetCore.Mvc.ModelBinding.Binders.FormFileModelBinderProvider","Microsoft.AspNetCore.Mvc.ModelBinding.Binders.FormCollectionModelBinderProvider","Microsoft.AspNetCore.Mvc.ModelBinding.Binders.KeyValuePairModelBinderProvider","Microsoft.AspNetCore.Mvc.ModelBinding.Binders.DictionaryModelBinderProvider","Microsoft.AspNetCore.Mvc.ModelBinding.Binders.ArrayModelBinderProvider","Microsoft.AspNetCore.Mvc.ModelBinding.Binders.CollectionModelBinderProvider","Microsoft.AspNetCore.Mvc.ModelBinding.Binders.ComplexObjectModelBinderProvider"]
2024-05-24 12:09:04.669 +05:30 [INF] User profile is available. Using 'C:\Users\anish.m\AppData\Local\ASP.NET\DataProtection-Keys' as key repository and Windows DPAPI to encrypt keys at rest.
2024-05-24 12:09:04.817 +05:30 [DBG] Hosting starting
2024-05-24 12:09:04.827 +05:30 [DBG] Reading data from file 'C:\Users\anish.m\AppData\Local\ASP.NET\DataProtection-Keys\key-a1d877de-6025-4a19-8dac-4a7655117c08.xml'.
2024-05-24 12:09:04.838 +05:30 [DBG] Found key {a1d877de-6025-4a19-8dac-4a7655117c08}.
2024-05-24 12:09:04.849 +05:30 [DBG] Considering key {a1d877de-6025-4a19-8dac-4a7655117c08} with expiration date 2024-08-05 11:08:49Z as default key.
2024-05-24 12:09:04.853 +05:30 [DBG] Forwarded activator type request from Microsoft.AspNetCore.DataProtection.XmlEncryption.DpapiXmlDecryptor, Microsoft.AspNetCore.DataProtection, Version=8.0.0.0, Culture=neutral, PublicKeyToken=adb9793829ddae60 to Microsoft.AspNetCore.DataProtection.XmlEncryption.DpapiXmlDecryptor, Microsoft.AspNetCore.DataProtection, Culture=neutral, PublicKeyToken=adb9793829ddae60
2024-05-24 12:09:04.857 +05:30 [DBG] Decrypting secret element using Windows DPAPI.
2024-05-24 12:09:04.860 +05:30 [DBG] Forwarded activator type request from Microsoft.AspNetCore.DataProtection.AuthenticatedEncryption.ConfigurationModel.AuthenticatedEncryptorDescriptorDeserializer, Microsoft.AspNetCore.DataProtection, Version=8.0.0.0, Culture=neutral, PublicKeyToken=adb9793829ddae60 to Microsoft.AspNetCore.DataProtection.AuthenticatedEncryption.ConfigurationModel.AuthenticatedEncryptorDescriptorDeserializer, Microsoft.AspNetCore.DataProtection, Culture=neutral, PublicKeyToken=adb9793829ddae60
2024-05-24 12:09:04.864 +05:30 [DBG] Opening CNG algorithm 'AES' from provider 'null' with chaining mode CBC.
2024-05-24 12:09:04.866 +05:30 [DBG] Opening CNG algorithm 'SHA256' from provider 'null' with HMAC.
2024-05-24 12:09:04.868 +05:30 [DBG] Using key {a1d877de-6025-4a19-8dac-4a7655117c08} as the default key.
2024-05-24 12:09:04.870 +05:30 [DBG] Key ring with default key {a1d877de-6025-4a19-8dac-4a7655117c08} was loaded during application startup.
2024-05-24 12:09:05.184 +05:30 [INF] Now listening on: https://localhost:7106
2024-05-24 12:09:05.185 +05:30 [INF] Now listening on: http://localhost:5089
2024-05-24 12:09:05.185 +05:30 [DBG] Loaded hosting startup assembly EMS.API
2024-05-24 12:09:05.186 +05:30 [DBG] Loaded hosting startup assembly Microsoft.WebTools.ApiEndpointDiscovery
2024-05-24 12:09:05.187 +05:30 [DBG] Loaded hosting startup assembly Microsoft.AspNetCore.Watch.BrowserRefresh
2024-05-24 12:09:05.188 +05:30 [DBG] Loaded hosting startup assembly Microsoft.WebTools.BrowserLink.Net
2024-05-24 12:09:05.255 +05:30 [INF] Application started. Press Ctrl+C to shut down.
2024-05-24 12:09:05.256 +05:30 [INF] Hosting environment: Development
2024-05-24 12:09:05.256 +05:30 [INF] Content root path: C:\Users\anish.m\OneDrive - TECHNOVERT SOLUTIONS PRIVATE LIMITED\Desktop\office Tezo\Task 9\EMS\EMS.API
2024-05-24 12:09:05.257 +05:30 [DBG] Hosting started
2024-05-24 12:09:05.426 +05:30 [DBG] Connection id "0HN3RNGQH5J1C" accepted.
2024-05-24 12:09:05.427 +05:30 [DBG] Connection id "0HN3RNGQH5J1C" started.
2024-05-24 12:09:05.436 +05:30 [DBG] Connection id "0HN3RNGQH5J1D" accepted.
2024-05-24 12:09:05.437 +05:30 [DBG] Connection id "0HN3RNGQH5J1D" started.
2024-05-24 12:09:05.456 +05:30 [DBG] Connection id "0HN3RNGQH5J1C" received FIN.
2024-05-24 12:09:05.456 +05:30 [DBG] Connection id "0HN3RNGQH5J1D" received FIN.
2024-05-24 12:09:05.467 +05:30 [DBG] Failed to authenticate HTTPS connection.
System.IO.IOException: Received an unexpected EOF or 0 bytes from the transport stream.
   at System.Net.Security.SslStream.ReceiveHandshakeFrameAsync[TIOAdapter](CancellationToken cancellationToken)
   at System.Net.Security.SslStream.ForceAuthenticationAsync[TIOAdapter](Boolean receiveFirst, Byte[] reAuthenticationData, CancellationToken cancellationToken)
   at System.Net.Security.SslStream.ProcessAuthenticationWithTelemetryAsync(Boolean isAsync, CancellationToken cancellationToken)
   at Microsoft.AspNetCore.Server.Kestrel.Https.Internal.HttpsConnectionMiddleware.OnConnectionAsync(ConnectionContext context)
2024-05-24 12:09:05.467 +05:30 [DBG] Failed to authenticate HTTPS connection.
System.IO.IOException: Received an unexpected EOF or 0 bytes from the transport stream.
   at System.Net.Security.SslStream.ReceiveHandshakeFrameAsync[TIOAdapter](CancellationToken cancellationToken)
   at System.Net.Security.SslStream.ForceAuthenticationAsync[TIOAdapter](Boolean receiveFirst, Byte[] reAuthenticationData, CancellationToken cancellationToken)
   at System.Net.Security.SslStream.ProcessAuthenticationWithTelemetryAsync(Boolean isAsync, CancellationToken cancellationToken)
   at Microsoft.AspNetCore.Server.Kestrel.Https.Internal.HttpsConnectionMiddleware.OnConnectionAsync(ConnectionContext context)
2024-05-24 12:09:05.522 +05:30 [DBG] Connection id "0HN3RNGQH5J1D" stopped.
2024-05-24 12:09:05.522 +05:30 [DBG] Connection id "0HN3RNGQH5J1C" stopped.
2024-05-24 12:09:05.526 +05:30 [DBG] Connection id "0HN3RNGQH5J1C" sending FIN because: "The Socket transport's send loop completed gracefully."
2024-05-24 12:09:05.526 +05:30 [DBG] Connection id "0HN3RNGQH5J1D" sending FIN because: "The Socket transport's send loop completed gracefully."
2024-05-24 12:09:06.003 +05:30 [DBG] Connection id "0HN3RNGQH5J1E" accepted.
2024-05-24 12:09:06.028 +05:30 [DBG] Connection id "0HN3RNGQH5J1E" started.
2024-05-24 12:09:06.321 +05:30 [DBG] Connection 0HN3RNGQH5J1E established using the following protocol: "Tls12"
2024-05-24 12:09:06.419 +05:30 [INF] Request starting HTTP/2 GET https://localhost:7106/swagger/index.html - null null
2024-05-24 12:09:06.618 +05:30 [DBG] Wildcard detected, all requests with hosts will be allowed.
2024-05-24 12:09:06.643 +05:30 [DBG] No candidates found for the request path '/swagger/index.html'
2024-05-24 12:09:06.645 +05:30 [DBG] Request did not match any endpoints
2024-05-24 12:09:06.734 +05:30 [DBG] AuthenticationScheme: Bearer was not authenticated.
2024-05-24 12:09:06.760 +05:30 [DBG] The request path /swagger/index.html does not match an existing file
2024-05-24 12:09:06.769 +05:30 [INF] Request finished HTTP/2 GET https://localhost:7106/swagger/index.html - 404 0 null 359.151ms
2024-05-24 12:09:06.773 +05:30 [INF] Request reached the end of the middleware pipeline without being handled by application code. Request path: GET https://localhost:7106/swagger/index.html, Response status code: 404
2024-05-24 12:09:13.443 +05:30 [INF] Request starting HTTP/2 GET https://localhost:7106/ - null null
2024-05-24 12:09:13.456 +05:30 [DBG] No candidates found for the request path '/'
2024-05-24 12:09:13.457 +05:30 [DBG] Request did not match any endpoints
2024-05-24 12:09:13.460 +05:30 [DBG] AuthenticationScheme: Bearer was not authenticated.
2024-05-24 12:09:13.468 +05:30 [INF] Request finished HTTP/2 GET https://localhost:7106/ - 301 0 null 25.2055ms
2024-05-24 12:09:13.475 +05:30 [INF] Request starting HTTP/2 GET https://localhost:7106/index.html - null null
2024-05-24 12:09:13.486 +05:30 [DBG] No candidates found for the request path '/index.html'
2024-05-24 12:09:13.487 +05:30 [DBG] Request did not match any endpoints
2024-05-24 12:09:13.491 +05:30 [DBG] AuthenticationScheme: Bearer was not authenticated.
2024-05-24 12:09:13.560 +05:30 [DBG] Response markup is scheduled to include Browser Link script injection.
2024-05-24 12:09:13.563 +05:30 [DBG] Response markup is scheduled to include browser refresh script injection.
2024-05-24 12:09:13.584 +05:30 [DBG] Response markup was updated to include Browser Link script injection.
2024-05-24 12:09:13.585 +05:30 [DBG] Response markup was updated to include browser refresh script injection.
2024-05-24 12:09:13.586 +05:30 [INF] Request finished HTTP/2 GET https://localhost:7106/index.html - 200 null text/html;charset=utf-8 112.1841ms
2024-05-24 12:09:13.629 +05:30 [INF] Request starting HTTP/2 GET https://localhost:7106/swagger-ui.css - null null
2024-05-24 12:09:13.633 +05:30 [INF] Request starting HTTP/2 GET https://localhost:7106/swagger-ui-standalone-preset.js - null null
2024-05-24 12:09:13.638 +05:30 [INF] Request starting HTTP/2 GET https://localhost:7106/_framework/aspnetcore-browser-refresh.js - null null
2024-05-24 12:09:13.631 +05:30 [INF] Request starting HTTP/2 GET https://localhost:7106/swagger-ui-bundle.js - null null
2024-05-24 12:09:13.640 +05:30 [INF] Request starting HTTP/2 GET https://localhost:7106/_vs/browserLink - null null
2024-05-24 12:09:13.642 +05:30 [DBG] No candidates found for the request path '/swagger-ui-standalone-preset.js'
2024-05-24 12:09:13.641 +05:30 [DBG] No candidates found for the request path '/swagger-ui.css'
2024-05-24 12:09:13.647 +05:30 [DBG] No candidates found for the request path '/swagger-ui-bundle.js'
2024-05-24 12:09:13.656 +05:30 [INF] Request finished HTTP/2 GET https://localhost:7106/_framework/aspnetcore-browser-refresh.js - 200 13750 application/javascript; charset=utf-8 18.5554ms
2024-05-24 12:09:13.656 +05:30 [DBG] Request did not match any endpoints
2024-05-24 12:09:13.658 +05:30 [DBG] Request did not match any endpoints
2024-05-24 12:09:13.666 +05:30 [DBG] AuthenticationScheme: Bearer was not authenticated.
2024-05-24 12:09:13.667 +05:30 [DBG] AuthenticationScheme: Bearer was not authenticated.
2024-05-24 12:09:13.659 +05:30 [DBG] Request did not match any endpoints
2024-05-24 12:09:13.670 +05:30 [DBG] AuthenticationScheme: Bearer was not authenticated.
2024-05-24 12:09:13.702 +05:30 [INF] Sending file. Request path: '/swagger-ui.css'. Physical path: 'N/A'
2024-05-24 12:09:13.709 +05:30 [INF] Sending file. Request path: '/swagger-ui-standalone-preset.js'. Physical path: 'N/A'
2024-05-24 12:09:13.709 +05:30 [INF] Request finished HTTP/2 GET https://localhost:7106/swagger-ui.css - 200 143943 text/css 80.2726ms
2024-05-24 12:09:13.719 +05:30 [INF] Request finished HTTP/2 GET https://localhost:7106/swagger-ui-standalone-preset.js - 200 339486 text/javascript 86.2918ms
2024-05-24 12:09:13.751 +05:30 [INF] Sending file. Request path: '/swagger-ui-bundle.js'. Physical path: 'N/A'
2024-05-24 12:09:13.753 +05:30 [INF] Request finished HTTP/2 GET https://localhost:7106/swagger-ui-bundle.js - 200 1096145 text/javascript 122.8235ms
2024-05-24 12:09:13.754 +05:30 [INF] Request finished HTTP/2 GET https://localhost:7106/_vs/browserLink - 200 null text/javascript; charset=UTF-8 115.3095ms
2024-05-24 12:09:13.988 +05:30 [INF] Request starting HTTP/2 GET https://localhost:7106/swagger/v1/swagger.json - null null
2024-05-24 12:09:13.990 +05:30 [DBG] No candidates found for the request path '/swagger/v1/swagger.json'
2024-05-24 12:09:13.991 +05:30 [DBG] Request did not match any endpoints
2024-05-24 12:09:13.995 +05:30 [DBG] AuthenticationScheme: Bearer was not authenticated.
2024-05-24 12:09:14.023 +05:30 [INF] Request starting HTTP/2 GET https://localhost:7106/favicon-32x32.png - null null
2024-05-24 12:09:14.030 +05:30 [DBG] No candidates found for the request path '/favicon-32x32.png'
2024-05-24 12:09:14.033 +05:30 [DBG] Request did not match any endpoints
2024-05-24 12:09:14.034 +05:30 [DBG] AuthenticationScheme: Bearer was not authenticated.
2024-05-24 12:09:14.037 +05:30 [INF] Sending file. Request path: '/favicon-32x32.png'. Physical path: 'N/A'
2024-05-24 12:09:14.039 +05:30 [INF] Request finished HTTP/2 GET https://localhost:7106/favicon-32x32.png - 200 628 image/png 16.3545ms
2024-05-24 12:09:14.226 +05:30 [INF] Request finished HTTP/2 GET https://localhost:7106/swagger/v1/swagger.json - 200 null application/json;charset=utf-8 239.1446ms
2024-05-24 12:09:37.828 +05:30 [DBG] Connection id "0HN3RNGQH5J1E" received FIN.
2024-05-24 12:09:37.859 +05:30 [DBG] The connection queue processing loop for 0HN3RNGQH5J1E completed.
2024-05-24 12:09:37.866 +05:30 [DBG] Connection id "0HN3RNGQH5J1E" is closed. The last processed stream ID was 19.
