2024-05-21 15:01:55.488 +05:30 [DBG] Initializing Razor view compiler with no compiled views.
2024-05-21 15:01:55.689 +05:30 [DBG] Registered model binder providers, in the following order: ["Microsoft.AspNetCore.Mvc.ModelBinding.Binders.BinderTypeModelBinderProvider","Microsoft.AspNetCore.Mvc.ModelBinding.Binders.ServicesModelBinderProvider","Microsoft.AspNetCore.Mvc.ModelBinding.Binders.BodyModelBinderProvider","Microsoft.AspNetCore.Mvc.ModelBinding.Binders.HeaderModelBinderProvider","Microsoft.AspNetCore.Mvc.ModelBinding.Binders.FloatingPointTypeModelBinderProvider","Microsoft.AspNetCore.Mvc.ModelBinding.Binders.EnumTypeModelBinderProvider","Microsoft.AspNetCore.Mvc.ModelBinding.Binders.DateTimeModelBinderProvider","Microsoft.AspNetCore.Mvc.ModelBinding.Binders.SimpleTypeModelBinderProvider","Microsoft.AspNetCore.Mvc.ModelBinding.Binders.TryParseModelBinderProvider","Microsoft.AspNetCore.Mvc.ModelBinding.Binders.CancellationTokenModelBinderProvider","Microsoft.AspNetCore.Mvc.ModelBinding.Binders.ByteArrayModelBinderProvider","Microsoft.AspNetCore.Mvc.ModelBinding.Binders.FormFileModelBinderProvider","Microsoft.AspNetCore.Mvc.ModelBinding.Binders.FormCollectionModelBinderProvider","Microsoft.AspNetCore.Mvc.ModelBinding.Binders.KeyValuePairModelBinderProvider","Microsoft.AspNetCore.Mvc.ModelBinding.Binders.DictionaryModelBinderProvider","Microsoft.AspNetCore.Mvc.ModelBinding.Binders.ArrayModelBinderProvider","Microsoft.AspNetCore.Mvc.ModelBinding.Binders.CollectionModelBinderProvider","Microsoft.AspNetCore.Mvc.ModelBinding.Binders.ComplexObjectModelBinderProvider"]
2024-05-21 15:01:56.051 +05:30 [INF] User profile is available. Using 'C:\Users\anish.m\AppData\Local\ASP.NET\DataProtection-Keys' as key repository and Windows DPAPI to encrypt keys at rest.
2024-05-21 15:01:56.441 +05:30 [DBG] Hosting starting
2024-05-21 15:01:56.508 +05:30 [DBG] Reading data from file 'C:\Users\anish.m\AppData\Local\ASP.NET\DataProtection-Keys\key-a1d877de-6025-4a19-8dac-4a7655117c08.xml'.
2024-05-21 15:01:56.574 +05:30 [DBG] Found key {a1d877de-6025-4a19-8dac-4a7655117c08}.
2024-05-21 15:01:56.684 +05:30 [DBG] Considering key {a1d877de-6025-4a19-8dac-4a7655117c08} with expiration date 2024-08-05 11:08:49Z as default key.
2024-05-21 15:01:56.794 +05:30 [DBG] Forwarded activator type request from Microsoft.AspNetCore.DataProtection.XmlEncryption.DpapiXmlDecryptor, Microsoft.AspNetCore.DataProtection, Version=8.0.0.0, Culture=neutral, PublicKeyToken=adb9793829ddae60 to Microsoft.AspNetCore.DataProtection.XmlEncryption.DpapiXmlDecryptor, Microsoft.AspNetCore.DataProtection, Culture=neutral, PublicKeyToken=adb9793829ddae60
2024-05-21 15:01:56.828 +05:30 [DBG] Decrypting secret element using Windows DPAPI.
2024-05-21 15:01:56.834 +05:30 [DBG] Forwarded activator type request from Microsoft.AspNetCore.DataProtection.AuthenticatedEncryption.ConfigurationModel.AuthenticatedEncryptorDescriptorDeserializer, Microsoft.AspNetCore.DataProtection, Version=8.0.0.0, Culture=neutral, PublicKeyToken=adb9793829ddae60 to Microsoft.AspNetCore.DataProtection.AuthenticatedEncryption.ConfigurationModel.AuthenticatedEncryptorDescriptorDeserializer, Microsoft.AspNetCore.DataProtection, Culture=neutral, PublicKeyToken=adb9793829ddae60
2024-05-21 15:01:56.846 +05:30 [DBG] Opening CNG algorithm 'AES' from provider 'null' with chaining mode CBC.
2024-05-21 15:01:56.851 +05:30 [DBG] Opening CNG algorithm 'SHA256' from provider 'null' with HMAC.
2024-05-21 15:01:56.857 +05:30 [DBG] Using key {a1d877de-6025-4a19-8dac-4a7655117c08} as the default key.
2024-05-21 15:01:56.861 +05:30 [DBG] Key ring with default key {a1d877de-6025-4a19-8dac-4a7655117c08} was loaded during application startup.
2024-05-21 15:01:57.629 +05:30 [INF] Now listening on: https://localhost:7106
2024-05-21 15:01:57.645 +05:30 [INF] Now listening on: http://localhost:5089
2024-05-21 15:01:57.658 +05:30 [DBG] Loaded hosting startup assembly EMS.API
2024-05-21 15:01:57.664 +05:30 [DBG] Loaded hosting startup assembly Microsoft.WebTools.ApiEndpointDiscovery
2024-05-21 15:01:57.673 +05:30 [DBG] Loaded hosting startup assembly Microsoft.AspNetCore.Watch.BrowserRefresh
2024-05-21 15:01:57.676 +05:30 [DBG] Loaded hosting startup assembly Microsoft.WebTools.BrowserLink.Net
2024-05-21 15:01:57.830 +05:30 [INF] Application started. Press Ctrl+C to shut down.
2024-05-21 15:01:57.832 +05:30 [INF] Hosting environment: Development
2024-05-21 15:01:57.834 +05:30 [INF] Content root path: C:\Users\anish.m\OneDrive - TECHNOVERT SOLUTIONS PRIVATE LIMITED\Desktop\office Tezo\Task 9\EMS\EMS.API
2024-05-21 15:01:57.837 +05:30 [DBG] Hosting started
2024-05-21 15:01:58.252 +05:30 [DBG] Connection id "0HN3PF3E8A235" accepted.
2024-05-21 15:01:58.252 +05:30 [DBG] Connection id "0HN3PF3E8A234" accepted.
2024-05-21 15:01:58.259 +05:30 [DBG] Connection id "0HN3PF3E8A235" started.
2024-05-21 15:01:58.260 +05:30 [DBG] Connection id "0HN3PF3E8A234" started.
2024-05-21 15:02:00.942 +05:30 [DBG] Connection id "0HN3PF3E8A236" accepted.
2024-05-21 15:02:01.205 +05:30 [DBG] Connection id "0HN3PF3E8A236" started.
2024-05-21 15:02:01.678 +05:30 [DBG] Connection 0HN3PF3E8A236 established using the following protocol: "Tls12"
2024-05-21 15:02:02.331 +05:30 [INF] Request starting HTTP/2 GET https://localhost:7106/swagger/index.html - null null
2024-05-21 15:02:03.751 +05:30 [DBG] Wildcard detected, all requests with hosts will be allowed.
2024-05-21 15:02:03.847 +05:30 [DBG] No candidates found for the request path '/swagger/index.html'
2024-05-21 15:02:03.897 +05:30 [DBG] Request did not match any endpoints
2024-05-21 15:02:04.193 +05:30 [DBG] AuthenticationScheme: Bearer was not authenticated.
2024-05-21 15:02:04.390 +05:30 [DBG] Response markup is scheduled to include Browser Link script injection.
2024-05-21 15:02:04.400 +05:30 [DBG] Response markup is scheduled to include browser refresh script injection.
2024-05-21 15:02:04.472 +05:30 [DBG] Response markup was updated to include Browser Link script injection.
2024-05-21 15:02:04.574 +05:30 [DBG] Response markup was updated to include browser refresh script injection.
2024-05-21 15:02:04.593 +05:30 [INF] Request finished HTTP/2 GET https://localhost:7106/swagger/index.html - 200 null text/html;charset=utf-8 2276.7758ms
2024-05-21 15:02:05.059 +05:30 [INF] Request starting HTTP/2 GET https://localhost:7106/_framework/aspnetcore-browser-refresh.js - null null
2024-05-21 15:02:05.145 +05:30 [INF] Request finished HTTP/2 GET https://localhost:7106/_framework/aspnetcore-browser-refresh.js - 200 13750 application/javascript; charset=utf-8 85.9377ms
2024-05-21 15:02:05.256 +05:30 [INF] Request starting HTTP/2 GET https://localhost:7106/_vs/browserLink - null null
2024-05-21 15:02:05.444 +05:30 [INF] Request finished HTTP/2 GET https://localhost:7106/_vs/browserLink - 200 null text/javascript; charset=UTF-8 188.4281ms
2024-05-21 15:02:07.226 +05:30 [INF] Request starting HTTP/2 GET https://localhost:7106/swagger/v1/swagger.json - null null
2024-05-21 15:02:07.235 +05:30 [DBG] No candidates found for the request path '/swagger/v1/swagger.json'
2024-05-21 15:02:07.241 +05:30 [DBG] Request did not match any endpoints
2024-05-21 15:02:07.246 +05:30 [DBG] AuthenticationScheme: Bearer was not authenticated.
2024-05-21 15:02:07.705 +05:30 [INF] Request finished HTTP/2 GET https://localhost:7106/swagger/v1/swagger.json - 200 null application/json;charset=utf-8 479.8676ms
2024-05-21 15:02:08.296 +05:30 [DBG] Authentication of the HTTPS connection timed out.
2024-05-21 15:02:08.296 +05:30 [DBG] Authentication of the HTTPS connection timed out.
2024-05-21 15:02:08.304 +05:30 [DBG] Connection id "0HN3PF3E8A234" stopped.
2024-05-21 15:02:08.305 +05:30 [DBG] Connection id "0HN3PF3E8A235" stopped.
2024-05-21 15:02:08.309 +05:30 [DBG] Connection id "0HN3PF3E8A234" sending FIN because: "The Socket transport's send loop completed gracefully."
2024-05-21 15:02:08.310 +05:30 [DBG] Connection id "0HN3PF3E8A235" sending FIN because: "The Socket transport's send loop completed gracefully."
2024-05-21 15:03:07.518 +05:30 [DBG] Initializing Razor view compiler with no compiled views.
2024-05-21 15:03:07.633 +05:30 [DBG] Registered model binder providers, in the following order: ["Microsoft.AspNetCore.Mvc.ModelBinding.Binders.BinderTypeModelBinderProvider","Microsoft.AspNetCore.Mvc.ModelBinding.Binders.ServicesModelBinderProvider","Microsoft.AspNetCore.Mvc.ModelBinding.Binders.BodyModelBinderProvider","Microsoft.AspNetCore.Mvc.ModelBinding.Binders.HeaderModelBinderProvider","Microsoft.AspNetCore.Mvc.ModelBinding.Binders.FloatingPointTypeModelBinderProvider","Microsoft.AspNetCore.Mvc.ModelBinding.Binders.EnumTypeModelBinderProvider","Microsoft.AspNetCore.Mvc.ModelBinding.Binders.DateTimeModelBinderProvider","Microsoft.AspNetCore.Mvc.ModelBinding.Binders.SimpleTypeModelBinderProvider","Microsoft.AspNetCore.Mvc.ModelBinding.Binders.TryParseModelBinderProvider","Microsoft.AspNetCore.Mvc.ModelBinding.Binders.CancellationTokenModelBinderProvider","Microsoft.AspNetCore.Mvc.ModelBinding.Binders.ByteArrayModelBinderProvider","Microsoft.AspNetCore.Mvc.ModelBinding.Binders.FormFileModelBinderProvider","Microsoft.AspNetCore.Mvc.ModelBinding.Binders.FormCollectionModelBinderProvider","Microsoft.AspNetCore.Mvc.ModelBinding.Binders.KeyValuePairModelBinderProvider","Microsoft.AspNetCore.Mvc.ModelBinding.Binders.DictionaryModelBinderProvider","Microsoft.AspNetCore.Mvc.ModelBinding.Binders.ArrayModelBinderProvider","Microsoft.AspNetCore.Mvc.ModelBinding.Binders.CollectionModelBinderProvider","Microsoft.AspNetCore.Mvc.ModelBinding.Binders.ComplexObjectModelBinderProvider"]
2024-05-21 15:03:07.745 +05:30 [INF] User profile is available. Using 'C:\Users\anish.m\AppData\Local\ASP.NET\DataProtection-Keys' as key repository and Windows DPAPI to encrypt keys at rest.
2024-05-21 15:03:07.877 +05:30 [DBG] Hosting starting
2024-05-21 15:03:07.890 +05:30 [DBG] Reading data from file 'C:\Users\anish.m\AppData\Local\ASP.NET\DataProtection-Keys\key-a1d877de-6025-4a19-8dac-4a7655117c08.xml'.
2024-05-21 15:03:07.908 +05:30 [DBG] Found key {a1d877de-6025-4a19-8dac-4a7655117c08}.
2024-05-21 15:03:07.925 +05:30 [DBG] Considering key {a1d877de-6025-4a19-8dac-4a7655117c08} with expiration date 2024-08-05 11:08:49Z as default key.
2024-05-21 15:03:07.932 +05:30 [DBG] Forwarded activator type request from Microsoft.AspNetCore.DataProtection.XmlEncryption.DpapiXmlDecryptor, Microsoft.AspNetCore.DataProtection, Version=8.0.0.0, Culture=neutral, PublicKeyToken=adb9793829ddae60 to Microsoft.AspNetCore.DataProtection.XmlEncryption.DpapiXmlDecryptor, Microsoft.AspNetCore.DataProtection, Culture=neutral, PublicKeyToken=adb9793829ddae60
2024-05-21 15:03:07.936 +05:30 [DBG] Decrypting secret element using Windows DPAPI.
2024-05-21 15:03:07.940 +05:30 [DBG] Forwarded activator type request from Microsoft.AspNetCore.DataProtection.AuthenticatedEncryption.ConfigurationModel.AuthenticatedEncryptorDescriptorDeserializer, Microsoft.AspNetCore.DataProtection, Version=8.0.0.0, Culture=neutral, PublicKeyToken=adb9793829ddae60 to Microsoft.AspNetCore.DataProtection.AuthenticatedEncryption.ConfigurationModel.AuthenticatedEncryptorDescriptorDeserializer, Microsoft.AspNetCore.DataProtection, Culture=neutral, PublicKeyToken=adb9793829ddae60
2024-05-21 15:03:07.948 +05:30 [DBG] Opening CNG algorithm 'AES' from provider 'null' with chaining mode CBC.
2024-05-21 15:03:07.953 +05:30 [DBG] Opening CNG algorithm 'SHA256' from provider 'null' with HMAC.
2024-05-21 15:03:07.958 +05:30 [DBG] Using key {a1d877de-6025-4a19-8dac-4a7655117c08} as the default key.
2024-05-21 15:03:07.962 +05:30 [DBG] Key ring with default key {a1d877de-6025-4a19-8dac-4a7655117c08} was loaded during application startup.
2024-05-21 15:03:08.415 +05:30 [INF] Now listening on: https://localhost:7106
2024-05-21 15:03:08.418 +05:30 [INF] Now listening on: http://localhost:5089
2024-05-21 15:03:08.420 +05:30 [DBG] Loaded hosting startup assembly EMS.API
2024-05-21 15:03:08.422 +05:30 [DBG] Loaded hosting startup assembly Microsoft.WebTools.ApiEndpointDiscovery
2024-05-21 15:03:08.425 +05:30 [DBG] Loaded hosting startup assembly Microsoft.AspNetCore.Watch.BrowserRefresh
2024-05-21 15:03:08.427 +05:30 [DBG] Loaded hosting startup assembly Microsoft.WebTools.BrowserLink.Net
2024-05-21 15:03:08.574 +05:30 [INF] Application started. Press Ctrl+C to shut down.
2024-05-21 15:03:08.576 +05:30 [INF] Hosting environment: Development
2024-05-21 15:03:08.578 +05:30 [INF] Content root path: C:\Users\anish.m\OneDrive - TECHNOVERT SOLUTIONS PRIVATE LIMITED\Desktop\office Tezo\Task 9\EMS\EMS.API
2024-05-21 15:03:08.581 +05:30 [DBG] Hosting started
2024-05-21 15:03:08.634 +05:30 [DBG] Connection id "0HN3PF4377SLV" accepted.
2024-05-21 15:03:08.634 +05:30 [DBG] Connection id "0HN3PF4377SLT" received FIN.
2024-05-21 15:03:08.634 +05:30 [DBG] Connection id "0HN3PF4377SLV" received FIN.
2024-05-21 15:03:08.634 +05:30 [DBG] Connection id "0HN3PF4377SLU" accepted.
2024-05-21 15:03:08.643 +05:30 [DBG] Connection id "0HN3PF4377SLV" started.
2024-05-21 15:03:08.646 +05:30 [DBG] Connection id "0HN3PF4377SLT" started.
2024-05-21 15:03:08.673 +05:30 [DBG] Failed to authenticate HTTPS connection.
System.IO.IOException: Received an unexpected EOF or 0 bytes from the transport stream.
   at System.Net.Security.SslStream.ReceiveHandshakeFrameAsync[TIOAdapter](CancellationToken cancellationToken)
   at System.Net.Security.SslStream.ForceAuthenticationAsync[TIOAdapter](Boolean receiveFirst, Byte[] reAuthenticationData, CancellationToken cancellationToken)
   at System.Net.Security.SslStream.ProcessAuthenticationWithTelemetryAsync(Boolean isAsync, CancellationToken cancellationToken)
   at Microsoft.AspNetCore.Server.Kestrel.Https.Internal.HttpsConnectionMiddleware.OnConnectionAsync(ConnectionContext context)
2024-05-21 15:03:08.673 +05:30 [DBG] Failed to authenticate HTTPS connection.
System.IO.IOException: Received an unexpected EOF or 0 bytes from the transport stream.
   at System.Net.Security.SslStream.ReceiveHandshakeFrameAsync[TIOAdapter](CancellationToken cancellationToken)
   at System.Net.Security.SslStream.ForceAuthenticationAsync[TIOAdapter](Boolean receiveFirst, Byte[] reAuthenticationData, CancellationToken cancellationToken)
   at System.Net.Security.SslStream.ProcessAuthenticationWithTelemetryAsync(Boolean isAsync, CancellationToken cancellationToken)
   at Microsoft.AspNetCore.Server.Kestrel.Https.Internal.HttpsConnectionMiddleware.OnConnectionAsync(ConnectionContext context)
2024-05-21 15:03:08.753 +05:30 [DBG] Connection id "0HN3PF4377SLT" stopped.
2024-05-21 15:03:08.753 +05:30 [DBG] Connection id "0HN3PF4377SLV" stopped.
2024-05-21 15:03:08.761 +05:30 [DBG] Connection id "0HN3PF4377SLV" sending FIN because: "The Socket transport's send loop completed gracefully."
2024-05-21 15:03:08.761 +05:30 [DBG] Connection id "0HN3PF4377SLT" sending FIN because: "The Socket transport's send loop completed gracefully."
2024-05-21 15:03:09.188 +05:30 [DBG] Connection id "0HN3PF4377SM0" accepted.
2024-05-21 15:03:09.753 +05:30 [DBG] Connection id "0HN3PF4377SM0" started.
2024-05-21 15:03:09.928 +05:30 [DBG] Connection 0HN3PF4377SM0 established using the following protocol: "Tls12"
2024-05-21 15:03:10.183 +05:30 [INF] Request starting HTTP/2 GET https://localhost:7106/swagger/index.html - null null
2024-05-21 15:03:10.793 +05:30 [DBG] Wildcard detected, all requests with hosts will be allowed.
2024-05-21 15:03:10.866 +05:30 [DBG] No candidates found for the request path '/swagger/index.html'
2024-05-21 15:03:10.895 +05:30 [DBG] Request did not match any endpoints
2024-05-21 15:03:11.162 +05:30 [DBG] AuthenticationScheme: Bearer was not authenticated.
2024-05-21 15:03:11.324 +05:30 [DBG] Response markup is scheduled to include Browser Link script injection.
2024-05-21 15:03:11.330 +05:30 [DBG] Response markup is scheduled to include browser refresh script injection.
2024-05-21 15:03:11.381 +05:30 [DBG] Response markup was updated to include Browser Link script injection.
2024-05-21 15:03:11.394 +05:30 [DBG] Response markup was updated to include browser refresh script injection.
2024-05-21 15:03:11.409 +05:30 [INF] Request finished HTTP/2 GET https://localhost:7106/swagger/index.html - 200 null text/html;charset=utf-8 1237.2858ms
2024-05-21 15:03:11.521 +05:30 [INF] Request starting HTTP/2 GET https://localhost:7106/_framework/aspnetcore-browser-refresh.js - null null
2024-05-21 15:03:11.521 +05:30 [INF] Request starting HTTP/2 GET https://localhost:7106/_vs/browserLink - null null
2024-05-21 15:03:11.658 +05:30 [INF] Request finished HTTP/2 GET https://localhost:7106/_framework/aspnetcore-browser-refresh.js - 200 13750 application/javascript; charset=utf-8 137.0185ms
2024-05-21 15:03:11.977 +05:30 [INF] Request finished HTTP/2 GET https://localhost:7106/_vs/browserLink - 200 null text/javascript; charset=UTF-8 455.5487ms
2024-05-21 15:03:12.271 +05:30 [INF] Request starting HTTP/2 GET https://localhost:7106/swagger/v1/swagger.json - null null
2024-05-21 15:03:12.296 +05:30 [DBG] No candidates found for the request path '/swagger/v1/swagger.json'
2024-05-21 15:03:12.299 +05:30 [DBG] Request did not match any endpoints
2024-05-21 15:03:12.303 +05:30 [DBG] AuthenticationScheme: Bearer was not authenticated.
2024-05-21 15:03:12.762 +05:30 [INF] Request finished HTTP/2 GET https://localhost:7106/swagger/v1/swagger.json - 200 null application/json;charset=utf-8 490.9125ms
2024-05-21 15:04:40.131 +05:30 [DBG] Initializing Razor view compiler with no compiled views.
2024-05-21 15:04:40.235 +05:30 [DBG] Registered model binder providers, in the following order: ["Microsoft.AspNetCore.Mvc.ModelBinding.Binders.BinderTypeModelBinderProvider","Microsoft.AspNetCore.Mvc.ModelBinding.Binders.ServicesModelBinderProvider","Microsoft.AspNetCore.Mvc.ModelBinding.Binders.BodyModelBinderProvider","Microsoft.AspNetCore.Mvc.ModelBinding.Binders.HeaderModelBinderProvider","Microsoft.AspNetCore.Mvc.ModelBinding.Binders.FloatingPointTypeModelBinderProvider","Microsoft.AspNetCore.Mvc.ModelBinding.Binders.EnumTypeModelBinderProvider","Microsoft.AspNetCore.Mvc.ModelBinding.Binders.DateTimeModelBinderProvider","Microsoft.AspNetCore.Mvc.ModelBinding.Binders.SimpleTypeModelBinderProvider","Microsoft.AspNetCore.Mvc.ModelBinding.Binders.TryParseModelBinderProvider","Microsoft.AspNetCore.Mvc.ModelBinding.Binders.CancellationTokenModelBinderProvider","Microsoft.AspNetCore.Mvc.ModelBinding.Binders.ByteArrayModelBinderProvider","Microsoft.AspNetCore.Mvc.ModelBinding.Binders.FormFileModelBinderProvider","Microsoft.AspNetCore.Mvc.ModelBinding.Binders.FormCollectionModelBinderProvider","Microsoft.AspNetCore.Mvc.ModelBinding.Binders.KeyValuePairModelBinderProvider","Microsoft.AspNetCore.Mvc.ModelBinding.Binders.DictionaryModelBinderProvider","Microsoft.AspNetCore.Mvc.ModelBinding.Binders.ArrayModelBinderProvider","Microsoft.AspNetCore.Mvc.ModelBinding.Binders.CollectionModelBinderProvider","Microsoft.AspNetCore.Mvc.ModelBinding.Binders.ComplexObjectModelBinderProvider"]
2024-05-21 15:04:40.347 +05:30 [INF] User profile is available. Using 'C:\Users\anish.m\AppData\Local\ASP.NET\DataProtection-Keys' as key repository and Windows DPAPI to encrypt keys at rest.
2024-05-21 15:04:40.475 +05:30 [DBG] Hosting starting
2024-05-21 15:04:40.492 +05:30 [DBG] Reading data from file 'C:\Users\anish.m\AppData\Local\ASP.NET\DataProtection-Keys\key-a1d877de-6025-4a19-8dac-4a7655117c08.xml'.
2024-05-21 15:04:40.511 +05:30 [DBG] Found key {a1d877de-6025-4a19-8dac-4a7655117c08}.
2024-05-21 15:04:40.530 +05:30 [DBG] Considering key {a1d877de-6025-4a19-8dac-4a7655117c08} with expiration date 2024-08-05 11:08:49Z as default key.
2024-05-21 15:04:40.538 +05:30 [DBG] Forwarded activator type request from Microsoft.AspNetCore.DataProtection.XmlEncryption.DpapiXmlDecryptor, Microsoft.AspNetCore.DataProtection, Version=8.0.0.0, Culture=neutral, PublicKeyToken=adb9793829ddae60 to Microsoft.AspNetCore.DataProtection.XmlEncryption.DpapiXmlDecryptor, Microsoft.AspNetCore.DataProtection, Culture=neutral, PublicKeyToken=adb9793829ddae60
2024-05-21 15:04:40.541 +05:30 [DBG] Decrypting secret element using Windows DPAPI.
2024-05-21 15:04:40.544 +05:30 [DBG] Forwarded activator type request from Microsoft.AspNetCore.DataProtection.AuthenticatedEncryption.ConfigurationModel.AuthenticatedEncryptorDescriptorDeserializer, Microsoft.AspNetCore.DataProtection, Version=8.0.0.0, Culture=neutral, PublicKeyToken=adb9793829ddae60 to Microsoft.AspNetCore.DataProtection.AuthenticatedEncryption.ConfigurationModel.AuthenticatedEncryptorDescriptorDeserializer, Microsoft.AspNetCore.DataProtection, Culture=neutral, PublicKeyToken=adb9793829ddae60
2024-05-21 15:04:40.553 +05:30 [DBG] Opening CNG algorithm 'AES' from provider 'null' with chaining mode CBC.
2024-05-21 15:04:40.557 +05:30 [DBG] Opening CNG algorithm 'SHA256' from provider 'null' with HMAC.
2024-05-21 15:04:40.562 +05:30 [DBG] Using key {a1d877de-6025-4a19-8dac-4a7655117c08} as the default key.
2024-05-21 15:04:40.567 +05:30 [DBG] Key ring with default key {a1d877de-6025-4a19-8dac-4a7655117c08} was loaded during application startup.
2024-05-21 15:04:40.887 +05:30 [INF] Now listening on: https://localhost:7106
2024-05-21 15:04:40.890 +05:30 [INF] Now listening on: http://localhost:5089
2024-05-21 15:04:40.892 +05:30 [DBG] Loaded hosting startup assembly EMS.API
2024-05-21 15:04:40.895 +05:30 [DBG] Loaded hosting startup assembly Microsoft.WebTools.ApiEndpointDiscovery
2024-05-21 15:04:40.896 +05:30 [DBG] Loaded hosting startup assembly Microsoft.AspNetCore.Watch.BrowserRefresh
2024-05-21 15:04:40.898 +05:30 [DBG] Loaded hosting startup assembly Microsoft.WebTools.BrowserLink.Net
2024-05-21 15:04:40.978 +05:30 [INF] Application started. Press Ctrl+C to shut down.
2024-05-21 15:04:40.981 +05:30 [INF] Hosting environment: Development
2024-05-21 15:04:40.983 +05:30 [INF] Content root path: C:\Users\anish.m\OneDrive - TECHNOVERT SOLUTIONS PRIVATE LIMITED\Desktop\office Tezo\Task 9\EMS\EMS.API
2024-05-21 15:04:40.985 +05:30 [DBG] Hosting started
2024-05-21 15:04:41.248 +05:30 [DBG] Connection id "0HN3PF4UQOMG0" accepted.
2024-05-21 15:04:41.252 +05:30 [DBG] Connection id "0HN3PF4UQOMG0" started.
2024-05-21 15:04:41.264 +05:30 [DBG] Connection id "0HN3PF4UQOMG0" received FIN.
2024-05-21 15:04:41.285 +05:30 [DBG] Failed to authenticate HTTPS connection.
System.IO.IOException: Received an unexpected EOF or 0 bytes from the transport stream.
   at System.Net.Security.SslStream.ReceiveHandshakeFrameAsync[TIOAdapter](CancellationToken cancellationToken)
   at System.Net.Security.SslStream.ForceAuthenticationAsync[TIOAdapter](Boolean receiveFirst, Byte[] reAuthenticationData, CancellationToken cancellationToken)
   at Microsoft.AspNetCore.Server.Kestrel.Https.Internal.HttpsConnectionMiddleware.OnConnectionAsync(ConnectionContext context)
2024-05-21 15:04:41.365 +05:30 [DBG] Connection id "0HN3PF4UQOMG0" stopped.
2024-05-21 15:04:41.371 +05:30 [DBG] Connection id "0HN3PF4UQOMG0" sending FIN because: "The Socket transport's send loop completed gracefully."
2024-05-21 15:04:41.809 +05:30 [DBG] Connection id "0HN3PF4UQOMG1" accepted.
2024-05-21 15:04:41.883 +05:30 [DBG] Connection id "0HN3PF4UQOMG1" started.
2024-05-21 15:04:42.237 +05:30 [DBG] Connection 0HN3PF4UQOMG1 established using the following protocol: "Tls12"
2024-05-21 15:04:42.540 +05:30 [INF] Request starting HTTP/2 GET https://localhost:7106/swagger/index.html - null null
2024-05-21 15:04:42.830 +05:30 [DBG] Wildcard detected, all requests with hosts will be allowed.
2024-05-21 15:04:42.952 +05:30 [DBG] No candidates found for the request path '/swagger/index.html'
2024-05-21 15:04:42.957 +05:30 [DBG] Request did not match any endpoints
2024-05-21 15:04:43.117 +05:30 [DBG] AuthenticationScheme: Bearer was not authenticated.
2024-05-21 15:04:43.242 +05:30 [DBG] Response markup is scheduled to include Browser Link script injection.
2024-05-21 15:04:43.247 +05:30 [DBG] Response markup is scheduled to include browser refresh script injection.
2024-05-21 15:04:43.282 +05:30 [DBG] Response markup was updated to include Browser Link script injection.
2024-05-21 15:04:43.285 +05:30 [DBG] Response markup was updated to include browser refresh script injection.
2024-05-21 15:04:43.295 +05:30 [INF] Request finished HTTP/2 GET https://localhost:7106/swagger/index.html - 200 null text/html;charset=utf-8 759.8988ms
2024-05-21 15:04:43.490 +05:30 [INF] Request starting HTTP/2 GET https://localhost:7106/_framework/aspnetcore-browser-refresh.js - null null
2024-05-21 15:04:43.495 +05:30 [INF] Request starting HTTP/2 GET https://localhost:7106/_vs/browserLink - null null
2024-05-21 15:04:43.510 +05:30 [INF] Request finished HTTP/2 GET https://localhost:7106/_framework/aspnetcore-browser-refresh.js - 200 13750 application/javascript; charset=utf-8 19.6539ms
2024-05-21 15:04:43.594 +05:30 [INF] Request finished HTTP/2 GET https://localhost:7106/_vs/browserLink - 200 null text/javascript; charset=UTF-8 99.2671ms
2024-05-21 15:04:43.770 +05:30 [INF] Request starting HTTP/2 GET https://localhost:7106/swagger/v1/swagger.json - null null
2024-05-21 15:04:43.775 +05:30 [DBG] No candidates found for the request path '/swagger/v1/swagger.json'
2024-05-21 15:04:43.777 +05:30 [DBG] Request did not match any endpoints
2024-05-21 15:04:43.781 +05:30 [DBG] AuthenticationScheme: Bearer was not authenticated.
2024-05-21 15:04:44.058 +05:30 [INF] Request finished HTTP/2 GET https://localhost:7106/swagger/v1/swagger.json - 200 null application/json;charset=utf-8 288.842ms
2024-05-21 15:08:17.655 +05:30 [DBG] Initializing Razor view compiler with no compiled views.
2024-05-21 15:08:17.804 +05:30 [DBG] Registered model binder providers, in the following order: ["Microsoft.AspNetCore.Mvc.ModelBinding.Binders.BinderTypeModelBinderProvider","Microsoft.AspNetCore.Mvc.ModelBinding.Binders.ServicesModelBinderProvider","Microsoft.AspNetCore.Mvc.ModelBinding.Binders.BodyModelBinderProvider","Microsoft.AspNetCore.Mvc.ModelBinding.Binders.HeaderModelBinderProvider","Microsoft.AspNetCore.Mvc.ModelBinding.Binders.FloatingPointTypeModelBinderProvider","Microsoft.AspNetCore.Mvc.ModelBinding.Binders.EnumTypeModelBinderProvider","Microsoft.AspNetCore.Mvc.ModelBinding.Binders.DateTimeModelBinderProvider","Microsoft.AspNetCore.Mvc.ModelBinding.Binders.SimpleTypeModelBinderProvider","Microsoft.AspNetCore.Mvc.ModelBinding.Binders.TryParseModelBinderProvider","Microsoft.AspNetCore.Mvc.ModelBinding.Binders.CancellationTokenModelBinderProvider","Microsoft.AspNetCore.Mvc.ModelBinding.Binders.ByteArrayModelBinderProvider","Microsoft.AspNetCore.Mvc.ModelBinding.Binders.FormFileModelBinderProvider","Microsoft.AspNetCore.Mvc.ModelBinding.Binders.FormCollectionModelBinderProvider","Microsoft.AspNetCore.Mvc.ModelBinding.Binders.KeyValuePairModelBinderProvider","Microsoft.AspNetCore.Mvc.ModelBinding.Binders.DictionaryModelBinderProvider","Microsoft.AspNetCore.Mvc.ModelBinding.Binders.ArrayModelBinderProvider","Microsoft.AspNetCore.Mvc.ModelBinding.Binders.CollectionModelBinderProvider","Microsoft.AspNetCore.Mvc.ModelBinding.Binders.ComplexObjectModelBinderProvider"]
2024-05-21 15:08:17.975 +05:30 [INF] User profile is available. Using 'C:\Users\anish.m\AppData\Local\ASP.NET\DataProtection-Keys' as key repository and Windows DPAPI to encrypt keys at rest.
2024-05-21 15:08:18.186 +05:30 [DBG] Hosting starting
2024-05-21 15:08:18.204 +05:30 [DBG] Reading data from file 'C:\Users\anish.m\AppData\Local\ASP.NET\DataProtection-Keys\key-a1d877de-6025-4a19-8dac-4a7655117c08.xml'.
2024-05-21 15:08:18.231 +05:30 [DBG] Found key {a1d877de-6025-4a19-8dac-4a7655117c08}.
2024-05-21 15:08:18.257 +05:30 [DBG] Considering key {a1d877de-6025-4a19-8dac-4a7655117c08} with expiration date 2024-08-05 11:08:49Z as default key.
2024-05-21 15:08:18.265 +05:30 [DBG] Forwarded activator type request from Microsoft.AspNetCore.DataProtection.XmlEncryption.DpapiXmlDecryptor, Microsoft.AspNetCore.DataProtection, Version=8.0.0.0, Culture=neutral, PublicKeyToken=adb9793829ddae60 to Microsoft.AspNetCore.DataProtection.XmlEncryption.DpapiXmlDecryptor, Microsoft.AspNetCore.DataProtection, Culture=neutral, PublicKeyToken=adb9793829ddae60
2024-05-21 15:08:18.268 +05:30 [DBG] Decrypting secret element using Windows DPAPI.
2024-05-21 15:08:18.272 +05:30 [DBG] Forwarded activator type request from Microsoft.AspNetCore.DataProtection.AuthenticatedEncryption.ConfigurationModel.AuthenticatedEncryptorDescriptorDeserializer, Microsoft.AspNetCore.DataProtection, Version=8.0.0.0, Culture=neutral, PublicKeyToken=adb9793829ddae60 to Microsoft.AspNetCore.DataProtection.AuthenticatedEncryption.ConfigurationModel.AuthenticatedEncryptorDescriptorDeserializer, Microsoft.AspNetCore.DataProtection, Culture=neutral, PublicKeyToken=adb9793829ddae60
2024-05-21 15:08:18.281 +05:30 [DBG] Opening CNG algorithm 'AES' from provider 'null' with chaining mode CBC.
2024-05-21 15:08:18.285 +05:30 [DBG] Opening CNG algorithm 'SHA256' from provider 'null' with HMAC.
2024-05-21 15:08:18.290 +05:30 [DBG] Using key {a1d877de-6025-4a19-8dac-4a7655117c08} as the default key.
2024-05-21 15:08:18.292 +05:30 [DBG] Key ring with default key {a1d877de-6025-4a19-8dac-4a7655117c08} was loaded during application startup.
2024-05-21 15:08:18.671 +05:30 [INF] Now listening on: https://localhost:7106
2024-05-21 15:08:18.673 +05:30 [INF] Now listening on: http://localhost:5089
2024-05-21 15:08:18.675 +05:30 [DBG] Loaded hosting startup assembly EMS.API
2024-05-21 15:08:18.677 +05:30 [DBG] Loaded hosting startup assembly Microsoft.WebTools.ApiEndpointDiscovery
2024-05-21 15:08:18.679 +05:30 [DBG] Loaded hosting startup assembly Microsoft.AspNetCore.Watch.BrowserRefresh
2024-05-21 15:08:18.681 +05:30 [DBG] Loaded hosting startup assembly Microsoft.WebTools.BrowserLink.Net
2024-05-21 15:08:18.777 +05:30 [INF] Application started. Press Ctrl+C to shut down.
2024-05-21 15:08:18.780 +05:30 [INF] Hosting environment: Development
2024-05-21 15:08:18.782 +05:30 [INF] Content root path: C:\Users\anish.m\OneDrive - TECHNOVERT SOLUTIONS PRIVATE LIMITED\Desktop\office Tezo\Task 9\EMS\EMS.API
2024-05-21 15:08:18.784 +05:30 [DBG] Hosting started
2024-05-21 15:08:19.004 +05:30 [DBG] Connection id "0HN3PF6VNEGTA" accepted.
2024-05-21 15:08:19.007 +05:30 [DBG] Connection id "0HN3PF6VNEGTA" started.
2024-05-21 15:08:19.009 +05:30 [DBG] Connection id "0HN3PF6VNEGTB" accepted.
2024-05-21 15:08:19.014 +05:30 [DBG] Connection id "0HN3PF6VNEGTB" started.
2024-05-21 15:08:19.034 +05:30 [DBG] Connection id "0HN3PF6VNEGTB" received FIN.
2024-05-21 15:08:19.034 +05:30 [DBG] Connection id "0HN3PF6VNEGTA" received FIN.
2024-05-21 15:08:19.051 +05:30 [DBG] Failed to authenticate HTTPS connection.
System.IO.IOException: Received an unexpected EOF or 0 bytes from the transport stream.
   at System.Net.Security.SslStream.ReceiveHandshakeFrameAsync[TIOAdapter](CancellationToken cancellationToken)
   at System.Net.Security.SslStream.ForceAuthenticationAsync[TIOAdapter](Boolean receiveFirst, Byte[] reAuthenticationData, CancellationToken cancellationToken)
   at System.Net.Security.SslStream.ProcessAuthenticationWithTelemetryAsync(Boolean isAsync, CancellationToken cancellationToken)
   at Microsoft.AspNetCore.Server.Kestrel.Https.Internal.HttpsConnectionMiddleware.OnConnectionAsync(ConnectionContext context)
2024-05-21 15:08:19.051 +05:30 [DBG] Failed to authenticate HTTPS connection.
System.IO.IOException: Received an unexpected EOF or 0 bytes from the transport stream.
   at System.Net.Security.SslStream.ReceiveHandshakeFrameAsync[TIOAdapter](CancellationToken cancellationToken)
   at System.Net.Security.SslStream.ForceAuthenticationAsync[TIOAdapter](Boolean receiveFirst, Byte[] reAuthenticationData, CancellationToken cancellationToken)
   at System.Net.Security.SslStream.ProcessAuthenticationWithTelemetryAsync(Boolean isAsync, CancellationToken cancellationToken)
   at Microsoft.AspNetCore.Server.Kestrel.Https.Internal.HttpsConnectionMiddleware.OnConnectionAsync(ConnectionContext context)
2024-05-21 15:08:19.186 +05:30 [DBG] Connection id "0HN3PF6VNEGTA" stopped.
2024-05-21 15:08:19.186 +05:30 [DBG] Connection id "0HN3PF6VNEGTB" stopped.
2024-05-21 15:08:19.211 +05:30 [DBG] Connection id "0HN3PF6VNEGTA" sending FIN because: "The Socket transport's send loop completed gracefully."
2024-05-21 15:08:19.217 +05:30 [DBG] Connection id "0HN3PF6VNEGTB" sending FIN because: "The Socket transport's send loop completed gracefully."
2024-05-21 15:08:19.755 +05:30 [DBG] Connection id "0HN3PF6VNEGTC" accepted.
2024-05-21 15:08:19.872 +05:30 [DBG] Connection id "0HN3PF6VNEGTC" started.
2024-05-21 15:08:20.278 +05:30 [DBG] Connection 0HN3PF6VNEGTC established using the following protocol: "Tls12"
2024-05-21 15:08:20.406 +05:30 [INF] Request starting HTTP/2 GET https://localhost:7106/swagger/index.html - null null
2024-05-21 15:08:20.632 +05:30 [DBG] Wildcard detected, all requests with hosts will be allowed.
2024-05-21 15:08:20.675 +05:30 [DBG] No candidates found for the request path '/swagger/index.html'
2024-05-21 15:08:20.678 +05:30 [DBG] Request did not match any endpoints
2024-05-21 15:08:20.815 +05:30 [DBG] AuthenticationScheme: Bearer was not authenticated.
2024-05-21 15:08:20.930 +05:30 [DBG] Response markup is scheduled to include Browser Link script injection.
2024-05-21 15:08:20.934 +05:30 [DBG] Response markup is scheduled to include browser refresh script injection.
2024-05-21 15:08:20.965 +05:30 [DBG] Response markup was updated to include Browser Link script injection.
2024-05-21 15:08:20.968 +05:30 [DBG] Response markup was updated to include browser refresh script injection.
2024-05-21 15:08:20.975 +05:30 [INF] Request finished HTTP/2 GET https://localhost:7106/swagger/index.html - 200 null text/html;charset=utf-8 581.0578ms
2024-05-21 15:08:21.036 +05:30 [INF] Request starting HTTP/2 GET https://localhost:7106/_framework/aspnetcore-browser-refresh.js - null null
2024-05-21 15:08:21.036 +05:30 [INF] Request starting HTTP/2 GET https://localhost:7106/_vs/browserLink - null null
2024-05-21 15:08:21.072 +05:30 [INF] Request finished HTTP/2 GET https://localhost:7106/_framework/aspnetcore-browser-refresh.js - 200 13750 application/javascript; charset=utf-8 36.5515ms
2024-05-21 15:08:21.141 +05:30 [INF] Request finished HTTP/2 GET https://localhost:7106/_vs/browserLink - 200 null text/javascript; charset=UTF-8 105.5915ms
2024-05-21 15:08:21.270 +05:30 [INF] Request starting HTTP/2 GET https://localhost:7106/swagger/v1/swagger.json - null null
2024-05-21 15:08:21.274 +05:30 [DBG] No candidates found for the request path '/swagger/v1/swagger.json'
2024-05-21 15:08:21.276 +05:30 [DBG] Request did not match any endpoints
2024-05-21 15:08:21.280 +05:30 [DBG] AuthenticationScheme: Bearer was not authenticated.
2024-05-21 15:08:21.587 +05:30 [INF] Request finished HTTP/2 GET https://localhost:7106/swagger/v1/swagger.json - 200 null application/json;charset=utf-8 316.8271ms
2024-05-21 17:58:08.895 +05:30 [DBG] Initializing Razor view compiler with no compiled views.
2024-05-21 17:58:09.044 +05:30 [DBG] Registered model binder providers, in the following order: ["Microsoft.AspNetCore.Mvc.ModelBinding.Binders.BinderTypeModelBinderProvider","Microsoft.AspNetCore.Mvc.ModelBinding.Binders.ServicesModelBinderProvider","Microsoft.AspNetCore.Mvc.ModelBinding.Binders.BodyModelBinderProvider","Microsoft.AspNetCore.Mvc.ModelBinding.Binders.HeaderModelBinderProvider","Microsoft.AspNetCore.Mvc.ModelBinding.Binders.FloatingPointTypeModelBinderProvider","Microsoft.AspNetCore.Mvc.ModelBinding.Binders.EnumTypeModelBinderProvider","Microsoft.AspNetCore.Mvc.ModelBinding.Binders.DateTimeModelBinderProvider","Microsoft.AspNetCore.Mvc.ModelBinding.Binders.SimpleTypeModelBinderProvider","Microsoft.AspNetCore.Mvc.ModelBinding.Binders.TryParseModelBinderProvider","Microsoft.AspNetCore.Mvc.ModelBinding.Binders.CancellationTokenModelBinderProvider","Microsoft.AspNetCore.Mvc.ModelBinding.Binders.ByteArrayModelBinderProvider","Microsoft.AspNetCore.Mvc.ModelBinding.Binders.FormFileModelBinderProvider","Microsoft.AspNetCore.Mvc.ModelBinding.Binders.FormCollectionModelBinderProvider","Microsoft.AspNetCore.Mvc.ModelBinding.Binders.KeyValuePairModelBinderProvider","Microsoft.AspNetCore.Mvc.ModelBinding.Binders.DictionaryModelBinderProvider","Microsoft.AspNetCore.Mvc.ModelBinding.Binders.ArrayModelBinderProvider","Microsoft.AspNetCore.Mvc.ModelBinding.Binders.CollectionModelBinderProvider","Microsoft.AspNetCore.Mvc.ModelBinding.Binders.ComplexObjectModelBinderProvider"]
2024-05-21 17:58:09.176 +05:30 [INF] User profile is available. Using 'C:\Users\anish.m\AppData\Local\ASP.NET\DataProtection-Keys' as key repository and Windows DPAPI to encrypt keys at rest.
2024-05-21 17:58:09.365 +05:30 [DBG] Hosting starting
2024-05-21 17:58:09.392 +05:30 [DBG] Reading data from file 'C:\Users\anish.m\AppData\Local\ASP.NET\DataProtection-Keys\key-a1d877de-6025-4a19-8dac-4a7655117c08.xml'.
2024-05-21 17:58:09.436 +05:30 [DBG] Found key {a1d877de-6025-4a19-8dac-4a7655117c08}.
2024-05-21 17:58:09.465 +05:30 [DBG] Considering key {a1d877de-6025-4a19-8dac-4a7655117c08} with expiration date 2024-08-05 11:08:49Z as default key.
2024-05-21 17:58:09.485 +05:30 [DBG] Forwarded activator type request from Microsoft.AspNetCore.DataProtection.XmlEncryption.DpapiXmlDecryptor, Microsoft.AspNetCore.DataProtection, Version=8.0.0.0, Culture=neutral, PublicKeyToken=adb9793829ddae60 to Microsoft.AspNetCore.DataProtection.XmlEncryption.DpapiXmlDecryptor, Microsoft.AspNetCore.DataProtection, Culture=neutral, PublicKeyToken=adb9793829ddae60
2024-05-21 17:58:09.496 +05:30 [DBG] Decrypting secret element using Windows DPAPI.
2024-05-21 17:58:09.501 +05:30 [DBG] Forwarded activator type request from Microsoft.AspNetCore.DataProtection.AuthenticatedEncryption.ConfigurationModel.AuthenticatedEncryptorDescriptorDeserializer, Microsoft.AspNetCore.DataProtection, Version=8.0.0.0, Culture=neutral, PublicKeyToken=adb9793829ddae60 to Microsoft.AspNetCore.DataProtection.AuthenticatedEncryption.ConfigurationModel.AuthenticatedEncryptorDescriptorDeserializer, Microsoft.AspNetCore.DataProtection, Culture=neutral, PublicKeyToken=adb9793829ddae60
2024-05-21 17:58:09.513 +05:30 [DBG] Opening CNG algorithm 'AES' from provider 'null' with chaining mode CBC.
2024-05-21 17:58:09.518 +05:30 [DBG] Opening CNG algorithm 'SHA256' from provider 'null' with HMAC.
2024-05-21 17:58:09.523 +05:30 [DBG] Using key {a1d877de-6025-4a19-8dac-4a7655117c08} as the default key.
2024-05-21 17:58:09.527 +05:30 [DBG] Key ring with default key {a1d877de-6025-4a19-8dac-4a7655117c08} was loaded during application startup.
2024-05-21 17:58:10.047 +05:30 [INF] Now listening on: https://localhost:7106
2024-05-21 17:58:10.048 +05:30 [INF] Now listening on: http://localhost:5089
2024-05-21 17:58:10.050 +05:30 [DBG] Loaded hosting startup assembly EMS.API
2024-05-21 17:58:10.052 +05:30 [DBG] Loaded hosting startup assembly Microsoft.WebTools.ApiEndpointDiscovery
2024-05-21 17:58:10.054 +05:30 [DBG] Loaded hosting startup assembly Microsoft.AspNetCore.Watch.BrowserRefresh
2024-05-21 17:58:10.055 +05:30 [DBG] Loaded hosting startup assembly Microsoft.WebTools.BrowserLink.Net
2024-05-21 17:58:10.220 +05:30 [INF] Application started. Press Ctrl+C to shut down.
2024-05-21 17:58:10.221 +05:30 [INF] Hosting environment: Development
2024-05-21 17:58:10.223 +05:30 [INF] Content root path: C:\Users\anish.m\OneDrive - TECHNOVERT SOLUTIONS PRIVATE LIMITED\Desktop\office Tezo\Task 9\EMS\EMS.API
2024-05-21 17:58:10.226 +05:30 [DBG] Hosting started
2024-05-21 17:58:10.297 +05:30 [DBG] Connection id "0HN3PI5SV68IA" received FIN.
2024-05-21 17:58:10.297 +05:30 [DBG] Connection id "0HN3PI5SV68I9" received FIN.
2024-05-21 17:58:10.300 +05:30 [DBG] Connection id "0HN3PI5SV68IA" accepted.
2024-05-21 17:58:10.300 +05:30 [DBG] Connection id "0HN3PI5SV68I9" accepted.
2024-05-21 17:58:10.302 +05:30 [DBG] Connection id "0HN3PI5SV68IA" started.
2024-05-21 17:58:10.303 +05:30 [DBG] Connection id "0HN3PI5SV68I9" started.
2024-05-21 17:58:10.327 +05:30 [DBG] Failed to authenticate HTTPS connection.
System.IO.IOException: Received an unexpected EOF or 0 bytes from the transport stream.
   at System.Net.Security.SslStream.ReceiveHandshakeFrameAsync[TIOAdapter](CancellationToken cancellationToken)
   at System.Net.Security.SslStream.ForceAuthenticationAsync[TIOAdapter](Boolean receiveFirst, Byte[] reAuthenticationData, CancellationToken cancellationToken)
   at System.Net.Security.SslStream.ProcessAuthenticationWithTelemetryAsync(Boolean isAsync, CancellationToken cancellationToken)
   at Microsoft.AspNetCore.Server.Kestrel.Https.Internal.HttpsConnectionMiddleware.OnConnectionAsync(ConnectionContext context)
2024-05-21 17:58:10.327 +05:30 [DBG] Failed to authenticate HTTPS connection.
System.IO.IOException: Received an unexpected EOF or 0 bytes from the transport stream.
   at System.Net.Security.SslStream.ReceiveHandshakeFrameAsync[TIOAdapter](CancellationToken cancellationToken)
   at System.Net.Security.SslStream.ForceAuthenticationAsync[TIOAdapter](Boolean receiveFirst, Byte[] reAuthenticationData, CancellationToken cancellationToken)
   at System.Net.Security.SslStream.ProcessAuthenticationWithTelemetryAsync(Boolean isAsync, CancellationToken cancellationToken)
   at Microsoft.AspNetCore.Server.Kestrel.Https.Internal.HttpsConnectionMiddleware.OnConnectionAsync(ConnectionContext context)
2024-05-21 17:58:10.400 +05:30 [DBG] Connection id "0HN3PI5SV68I9" stopped.
2024-05-21 17:58:10.400 +05:30 [DBG] Connection id "0HN3PI5SV68IA" stopped.
2024-05-21 17:58:10.405 +05:30 [DBG] Connection id "0HN3PI5SV68IA" sending FIN because: "The Socket transport's send loop completed gracefully."
2024-05-21 17:58:10.405 +05:30 [DBG] Connection id "0HN3PI5SV68I9" sending FIN because: "The Socket transport's send loop completed gracefully."
2024-05-21 17:58:11.345 +05:30 [DBG] Connection id "0HN3PI5SV68IB" accepted.
2024-05-21 17:58:11.403 +05:30 [DBG] Connection id "0HN3PI5SV68IB" started.
2024-05-21 17:58:12.090 +05:30 [DBG] Connection 0HN3PI5SV68IB established using the following protocol: "Tls12"
2024-05-21 17:58:12.399 +05:30 [INF] Request starting HTTP/2 GET https://localhost:7106/swagger/index.html - null null
2024-05-21 17:58:13.050 +05:30 [DBG] Wildcard detected, all requests with hosts will be allowed.
2024-05-21 17:58:13.100 +05:30 [DBG] No candidates found for the request path '/swagger/index.html'
2024-05-21 17:58:13.107 +05:30 [DBG] Request did not match any endpoints
2024-05-21 17:58:13.276 +05:30 [DBG] AuthenticationScheme: Bearer was not authenticated.
2024-05-21 17:58:13.374 +05:30 [DBG] Response markup is scheduled to include Browser Link script injection.
2024-05-21 17:58:13.378 +05:30 [DBG] Response markup is scheduled to include browser refresh script injection.
2024-05-21 17:58:13.433 +05:30 [DBG] Response markup was updated to include Browser Link script injection.
2024-05-21 17:58:13.440 +05:30 [DBG] Response markup was updated to include browser refresh script injection.
2024-05-21 17:58:13.446 +05:30 [INF] Request finished HTTP/2 GET https://localhost:7106/swagger/index.html - 200 null text/html;charset=utf-8 1064.8203ms
2024-05-21 17:58:13.513 +05:30 [INF] Request starting HTTP/2 GET https://localhost:7106/_framework/aspnetcore-browser-refresh.js - null null
2024-05-21 17:58:13.530 +05:30 [INF] Request finished HTTP/2 GET https://localhost:7106/_framework/aspnetcore-browser-refresh.js - 200 13750 application/javascript; charset=utf-8 17.6946ms
2024-05-21 17:58:13.548 +05:30 [INF] Request starting HTTP/2 GET https://localhost:7106/_vs/browserLink - null null
2024-05-21 17:58:13.631 +05:30 [INF] Request finished HTTP/2 GET https://localhost:7106/_vs/browserLink - 200 null text/javascript; charset=UTF-8 83.1621ms
2024-05-21 17:58:13.763 +05:30 [INF] Request starting HTTP/2 GET https://localhost:7106/swagger/v1/swagger.json - null null
2024-05-21 17:58:13.767 +05:30 [DBG] No candidates found for the request path '/swagger/v1/swagger.json'
2024-05-21 17:58:13.768 +05:30 [DBG] Request did not match any endpoints
2024-05-21 17:58:13.771 +05:30 [DBG] AuthenticationScheme: Bearer was not authenticated.
2024-05-21 17:58:14.064 +05:30 [INF] Request finished HTTP/2 GET https://localhost:7106/swagger/v1/swagger.json - 200 null application/json;charset=utf-8 301.6492ms
2024-05-21 17:58:23.072 +05:30 [INF] Request starting HTTP/2 POST https://localhost:7106/Api/Employees - application/json 579
2024-05-21 17:58:23.091 +05:30 [DBG] 1 candidate(s) found for the request path '/Api/Employees'
2024-05-21 17:58:23.099 +05:30 [DBG] Endpoint 'EMS.API.Controllers.EmployeeController.AddEmployee (EMS.API)' with route pattern 'Api/Employees' is valid for the request path '/Api/Employees'
2024-05-21 17:58:23.105 +05:30 [DBG] Request matched endpoint 'EMS.API.Controllers.EmployeeController.AddEmployee (EMS.API)'
2024-05-21 17:58:23.113 +05:30 [DBG] AuthenticationScheme: Bearer was not authenticated.
2024-05-21 17:58:23.118 +05:30 [DBG] Static files was skipped as the request already matched an endpoint.
2024-05-21 17:58:23.122 +05:30 [INF] Executing endpoint 'EMS.API.Controllers.EmployeeController.AddEmployee (EMS.API)'
2024-05-21 17:58:23.169 +05:30 [INF] Route matched with {action = "AddEmployee", controller = "Employee"}. Executing controller action with signature System.Threading.Tasks.Task`1[Microsoft.AspNetCore.Mvc.IActionResult] AddEmployee(EMS.DAL.DTO.EmployeeDto) on controller EMS.API.Controllers.EmployeeController (EMS.API).
2024-05-21 17:58:23.176 +05:30 [DBG] Execution plan of authorization filters (in the following order): ["None"]
2024-05-21 17:58:23.178 +05:30 [DBG] Execution plan of resource filters (in the following order): ["Microsoft.AspNetCore.Mvc.ViewFeatures.Filters.SaveTempDataFilter"]
2024-05-21 17:58:23.180 +05:30 [DBG] Execution plan of action filters (in the following order): ["Microsoft.AspNetCore.Mvc.ModelBinding.UnsupportedContentTypeFilter (Order: -3000)","Microsoft.AspNetCore.Mvc.Infrastructure.ModelStateInvalidFilter (Order: -2000)"]
2024-05-21 17:58:23.183 +05:30 [DBG] Execution plan of exception filters (in the following order): ["None"]
2024-05-21 17:58:23.185 +05:30 [DBG] Execution plan of result filters (in the following order): ["Microsoft.AspNetCore.Mvc.ViewFeatures.Filters.SaveTempDataFilter","Microsoft.AspNetCore.Mvc.Infrastructure.ClientErrorResultFilter (Order: -2000)"]
2024-05-21 17:58:23.190 +05:30 [DBG] Executing controller factory for controller EMS.API.Controllers.EmployeeController (EMS.API)
2024-05-21 17:58:23.385 +05:30 [DBG] Executed controller factory for controller EMS.API.Controllers.EmployeeController (EMS.API)
2024-05-21 17:58:23.409 +05:30 [DBG] Attempting to bind parameter 'employee' of type 'EMS.DAL.DTO.EmployeeDto' ...
2024-05-21 17:58:23.414 +05:30 [DBG] Attempting to bind parameter 'employee' of type 'EMS.DAL.DTO.EmployeeDto' using the name '' in request data ...
2024-05-21 17:58:23.417 +05:30 [DBG] Selected input formatter 'Microsoft.AspNetCore.Mvc.Formatters.SystemTextJsonInputFormatter' for content type 'application/json'.
2024-05-21 17:58:23.434 +05:30 [DBG] Connection id "0HN3PI5SV68IB", Request id "0HN3PI5SV68IB:00000009": started reading request body.
2024-05-21 17:58:23.437 +05:30 [DBG] Connection id "0HN3PI5SV68IB", Request id "0HN3PI5SV68IB:00000009": done reading request body.
2024-05-21 17:58:23.454 +05:30 [DBG] JSON input formatter succeeded, deserializing to type 'EMS.DAL.DTO.EmployeeDto'
2024-05-21 17:58:23.456 +05:30 [DBG] Done attempting to bind parameter 'employee' of type 'EMS.DAL.DTO.EmployeeDto'.
2024-05-21 17:58:23.457 +05:30 [DBG] Done attempting to bind parameter 'employee' of type 'EMS.DAL.DTO.EmployeeDto'.
2024-05-21 17:58:23.458 +05:30 [DBG] Attempting to validate the bound parameter 'employee' of type 'EMS.DAL.DTO.EmployeeDto' ...
2024-05-21 17:58:23.475 +05:30 [DBG] Done attempting to validate the bound parameter 'employee' of type 'EMS.DAL.DTO.EmployeeDto'.
2024-05-21 17:58:28.114 +05:30 [ERR] Error occurred while inserting employee: An error occurred while saving the entity changes. See the inner exception for details.
2024-05-21 17:58:28.281 +05:30 [INF] Executing JsonResult, writing value of type '<>f__AnonymousType2`3[[System.String, System.Private.CoreLib, Version=8.0.0.0, Culture=neutral, PublicKeyToken=7cec85d7bea7798e],[System.Object, System.Private.CoreLib, Version=8.0.0.0, Culture=neutral, PublicKeyToken=7cec85d7bea7798e],[System.String, System.Private.CoreLib, Version=8.0.0.0, Culture=neutral, PublicKeyToken=7cec85d7bea7798e]]'.
2024-05-21 17:58:28.297 +05:30 [INF] Executed action EMS.API.Controllers.EmployeeController.AddEmployee (EMS.API) in 5105.3211ms
2024-05-21 17:58:28.303 +05:30 [INF] Executed endpoint 'EMS.API.Controllers.EmployeeController.AddEmployee (EMS.API)'
2024-05-21 17:58:28.314 +05:30 [INF] Request finished HTTP/2 POST https://localhost:7106/Api/Employees - 500 null application/json; charset=utf-8 5242.6592ms
2024-05-21 17:58:35.149 +05:30 [INF] Request starting HTTP/2 GET https://localhost:7106/Api/Employees - null null
2024-05-21 17:58:35.167 +05:30 [DBG] 1 candidate(s) found for the request path '/Api/Employees'
2024-05-21 17:58:35.171 +05:30 [DBG] Endpoint 'EMS.API.Controllers.EmployeeController.GetEmployees (EMS.API)' with route pattern 'Api/Employees' is valid for the request path '/Api/Employees'
2024-05-21 17:58:35.173 +05:30 [DBG] Request matched endpoint 'EMS.API.Controllers.EmployeeController.GetEmployees (EMS.API)'
2024-05-21 17:58:35.175 +05:30 [DBG] AuthenticationScheme: Bearer was not authenticated.
2024-05-21 17:58:35.176 +05:30 [DBG] Static files was skipped as the request already matched an endpoint.
2024-05-21 17:58:35.176 +05:30 [INF] Executing endpoint 'EMS.API.Controllers.EmployeeController.GetEmployees (EMS.API)'
2024-05-21 17:58:35.191 +05:30 [INF] Route matched with {action = "GetEmployees", controller = "Employee"}. Executing controller action with signature System.Threading.Tasks.Task`1[Microsoft.AspNetCore.Mvc.IActionResult] GetEmployees(EMS.DAL.DTO.EmployeeFilters, System.Nullable`1[System.Int32]) on controller EMS.API.Controllers.EmployeeController (EMS.API).
2024-05-21 17:58:35.194 +05:30 [DBG] Execution plan of authorization filters (in the following order): ["None"]
2024-05-21 17:58:35.195 +05:30 [DBG] Execution plan of resource filters (in the following order): ["Microsoft.AspNetCore.Mvc.ViewFeatures.Filters.SaveTempDataFilter"]
2024-05-21 17:58:35.197 +05:30 [DBG] Execution plan of action filters (in the following order): ["Microsoft.AspNetCore.Mvc.ModelBinding.UnsupportedContentTypeFilter (Order: -3000)","Microsoft.AspNetCore.Mvc.Infrastructure.ModelStateInvalidFilter (Order: -2000)"]
2024-05-21 17:58:35.201 +05:30 [DBG] Execution plan of exception filters (in the following order): ["None"]
2024-05-21 17:58:35.203 +05:30 [DBG] Execution plan of result filters (in the following order): ["Microsoft.AspNetCore.Mvc.ViewFeatures.Filters.SaveTempDataFilter","Microsoft.AspNetCore.Mvc.Infrastructure.ClientErrorResultFilter (Order: -2000)"]
2024-05-21 17:58:35.206 +05:30 [DBG] Executing controller factory for controller EMS.API.Controllers.EmployeeController (EMS.API)
2024-05-21 17:58:35.212 +05:30 [DBG] Executed controller factory for controller EMS.API.Controllers.EmployeeController (EMS.API)
2024-05-21 17:58:35.215 +05:30 [DBG] Attempting to bind parameter 'filters' of type 'EMS.DAL.DTO.EmployeeFilters' ...
2024-05-21 17:58:35.218 +05:30 [DBG] Attempting to bind parameter 'filters' of type 'EMS.DAL.DTO.EmployeeFilters' using the name '' in request data ...
2024-05-21 17:58:35.227 +05:30 [DBG] Attempting to bind property 'EMS.DAL.DTO.EmployeeFilters.Alphabet' of type 'System.Collections.Generic.List`1[System.Char]' using the name 'Alphabet' in request data ...
2024-05-21 17:58:35.230 +05:30 [DBG] Could not find a value in the request with name 'Alphabet' for binding property 'EMS.DAL.DTO.EmployeeFilters.Alphabet' of type 'System.Collections.Generic.List`1[System.Char]'.
2024-05-21 17:58:35.234 +05:30 [DBG] Done attempting to bind property 'EMS.DAL.DTO.EmployeeFilters.Alphabet' of type 'System.Collections.Generic.List`1[System.Char]'.
2024-05-21 17:58:35.237 +05:30 [DBG] Attempting to bind property 'EMS.DAL.DTO.EmployeeFilters.Locations' of type 'System.Collections.Generic.List`1[System.Int32]' using the name 'Locations' in request data ...
2024-05-21 17:58:35.239 +05:30 [DBG] Could not find a value in the request with name 'Locations' for binding property 'EMS.DAL.DTO.EmployeeFilters.Locations' of type 'System.Collections.Generic.List`1[System.Int32]'.
2024-05-21 17:58:35.241 +05:30 [DBG] Done attempting to bind property 'EMS.DAL.DTO.EmployeeFilters.Locations' of type 'System.Collections.Generic.List`1[System.Int32]'.
2024-05-21 17:58:35.243 +05:30 [DBG] Attempting to bind property 'EMS.DAL.DTO.EmployeeFilters.Departments' of type 'System.Collections.Generic.List`1[System.Int32]' using the name 'Departments' in request data ...
2024-05-21 17:58:35.244 +05:30 [DBG] Could not find a value in the request with name 'Departments' for binding property 'EMS.DAL.DTO.EmployeeFilters.Departments' of type 'System.Collections.Generic.List`1[System.Int32]'.
2024-05-21 17:58:35.246 +05:30 [DBG] Done attempting to bind property 'EMS.DAL.DTO.EmployeeFilters.Departments' of type 'System.Collections.Generic.List`1[System.Int32]'.
2024-05-21 17:58:35.249 +05:30 [DBG] Attempting to bind property 'EMS.DAL.DTO.EmployeeFilters.Status' of type 'System.Collections.Generic.List`1[System.Int32]' using the name 'Status' in request data ...
2024-05-21 17:58:35.251 +05:30 [DBG] Could not find a value in the request with name 'Status' for binding property 'EMS.DAL.DTO.EmployeeFilters.Status' of type 'System.Collections.Generic.List`1[System.Int32]'.
2024-05-21 17:58:35.253 +05:30 [DBG] Done attempting to bind property 'EMS.DAL.DTO.EmployeeFilters.Status' of type 'System.Collections.Generic.List`1[System.Int32]'.
2024-05-21 17:58:35.255 +05:30 [DBG] Attempting to bind property 'EMS.DAL.DTO.EmployeeFilters.Search' of type 'System.String' using the name 'Search' in request data ...
2024-05-21 17:58:35.257 +05:30 [DBG] Could not find a value in the request with name 'Search' for binding property 'EMS.DAL.DTO.EmployeeFilters.Search' of type 'System.String'.
2024-05-21 17:58:35.259 +05:30 [DBG] Done attempting to bind property 'EMS.DAL.DTO.EmployeeFilters.Search' of type 'System.String'.
2024-05-21 17:58:35.261 +05:30 [DBG] Attempting to bind property 'EMS.DAL.DTO.EmployeeFilters.PageNumber' of type 'System.Int32' using the name 'PageNumber' in request data ...
2024-05-21 17:58:35.262 +05:30 [DBG] Could not find a value in the request with name 'PageNumber' for binding property 'EMS.DAL.DTO.EmployeeFilters.PageNumber' of type 'System.Int32'.
2024-05-21 17:58:35.267 +05:30 [DBG] Done attempting to bind property 'EMS.DAL.DTO.EmployeeFilters.PageNumber' of type 'System.Int32'.
2024-05-21 17:58:35.270 +05:30 [DBG] Attempting to bind property 'EMS.DAL.DTO.EmployeeFilters.PageSize' of type 'System.Int32' using the name 'PageSize' in request data ...
2024-05-21 17:58:35.272 +05:30 [DBG] Could not find a value in the request with name 'PageSize' for binding property 'EMS.DAL.DTO.EmployeeFilters.PageSize' of type 'System.Int32'.
2024-05-21 17:58:35.275 +05:30 [DBG] Done attempting to bind property 'EMS.DAL.DTO.EmployeeFilters.PageSize' of type 'System.Int32'.
2024-05-21 17:58:35.277 +05:30 [DBG] Attempting to bind property 'EMS.DAL.DTO.EmployeeFilters.RoleId' of type 'System.Nullable`1[System.Int32]' using the name 'RoleId' in request data ...
2024-05-21 17:58:35.280 +05:30 [DBG] Could not find a value in the request with name 'RoleId' for binding property 'EMS.DAL.DTO.EmployeeFilters.RoleId' of type 'System.Nullable`1[System.Int32]'.
2024-05-21 17:58:35.285 +05:30 [DBG] Done attempting to bind property 'EMS.DAL.DTO.EmployeeFilters.RoleId' of type 'System.Nullable`1[System.Int32]'.
2024-05-21 17:58:35.287 +05:30 [DBG] Attempting to bind property 'EMS.DAL.DTO.EmployeeFilters.DepartmentId' of type 'System.Nullable`1[System.Int32]' using the name 'DepartmentId' in request data ...
2024-05-21 17:58:35.290 +05:30 [DBG] Could not find a value in the request with name 'DepartmentId' for binding property 'EMS.DAL.DTO.EmployeeFilters.DepartmentId' of type 'System.Nullable`1[System.Int32]'.
2024-05-21 17:58:35.292 +05:30 [DBG] Done attempting to bind property 'EMS.DAL.DTO.EmployeeFilters.DepartmentId' of type 'System.Nullable`1[System.Int32]'.
2024-05-21 17:58:35.293 +05:30 [DBG] Attempting to bind property 'EMS.DAL.DTO.EmployeeFilters.EmployeeId' of type 'System.Nullable`1[System.Int32]' using the name 'EmployeeId' in request data ...
2024-05-21 17:58:35.295 +05:30 [DBG] Could not find a value in the request with name 'EmployeeId' for binding property 'EMS.DAL.DTO.EmployeeFilters.EmployeeId' of type 'System.Nullable`1[System.Int32]'.
2024-05-21 17:58:35.298 +05:30 [DBG] Done attempting to bind property 'EMS.DAL.DTO.EmployeeFilters.EmployeeId' of type 'System.Nullable`1[System.Int32]'.
2024-05-21 17:58:35.300 +05:30 [DBG] Done attempting to bind parameter 'filters' of type 'EMS.DAL.DTO.EmployeeFilters'.
2024-05-21 17:58:35.301 +05:30 [DBG] Done attempting to bind parameter 'filters' of type 'EMS.DAL.DTO.EmployeeFilters'.
2024-05-21 17:58:35.302 +05:30 [DBG] Attempting to validate the bound parameter 'filters' of type 'EMS.DAL.DTO.EmployeeFilters' ...
2024-05-21 17:58:35.306 +05:30 [DBG] Done attempting to validate the bound parameter 'filters' of type 'EMS.DAL.DTO.EmployeeFilters'.
2024-05-21 17:58:35.307 +05:30 [DBG] Attempting to bind parameter 'modeStatusId' of type 'System.Nullable`1[System.Int32]' ...
2024-05-21 17:58:35.309 +05:30 [DBG] Attempting to bind parameter 'modeStatusId' of type 'System.Nullable`1[System.Int32]' using the name '' in request data ...
2024-05-21 17:58:35.311 +05:30 [DBG] Could not find a value in the request with name '' for binding parameter 'modeStatusId' of type 'System.Nullable`1[System.Int32]'.
2024-05-21 17:58:35.312 +05:30 [DBG] Done attempting to bind parameter 'modeStatusId' of type 'System.Nullable`1[System.Int32]'.
2024-05-21 17:58:35.314 +05:30 [DBG] Done attempting to bind parameter 'modeStatusId' of type 'System.Nullable`1[System.Int32]'.
2024-05-21 17:58:35.316 +05:30 [DBG] Attempting to validate the bound parameter 'modeStatusId' of type 'System.Nullable`1[System.Int32]' ...
2024-05-21 17:58:35.317 +05:30 [DBG] Done attempting to validate the bound parameter 'modeStatusId' of type 'System.Nullable`1[System.Int32]'.
2024-05-21 17:58:36.199 +05:30 [INF] Executing JsonResult, writing value of type '<>f__AnonymousType2`3[[System.String, System.Private.CoreLib, Version=8.0.0.0, Culture=neutral, PublicKeyToken=7cec85d7bea7798e],[System.Object, System.Private.CoreLib, Version=8.0.0.0, Culture=neutral, PublicKeyToken=7cec85d7bea7798e],[System.String, System.Private.CoreLib, Version=8.0.0.0, Culture=neutral, PublicKeyToken=7cec85d7bea7798e]]'.
2024-05-21 17:58:36.213 +05:30 [INF] Executed action EMS.API.Controllers.EmployeeController.GetEmployees (EMS.API) in 1006.7832ms
2024-05-21 17:58:36.216 +05:30 [INF] Executed endpoint 'EMS.API.Controllers.EmployeeController.GetEmployees (EMS.API)'
2024-05-21 17:58:36.220 +05:30 [INF] Request finished HTTP/2 GET https://localhost:7106/Api/Employees - 200 null application/json; charset=utf-8 1071.0349ms
